CA04_29
CA04_30
CA05_20
CA05_21
CA05_22
CA05_23
CA05_24
CA05_30
CA08_16
CA09_12
CA09_13
CA09_14
CA09_15
CA11_09
CA11_10
CA11_11
CA11_12
CA11_13
CA11_14
CA16_06
CA16_07
CA16_08
CA16_09
CA16_10
CA16_11
CA17_13
CA17_14
CA17_15
CA17_16
CA17_17
CA17_18
CA17_19
CA17_20
CA19_08
CA19_09
CA19_10
CA19_11
CA19_12
CA19_13
CA19_15
CA19_16
CA19_17
CA19_18
CA19_19
CA21_01
CA21_07
CA21_08
CA21_09
CA22_25
CA22_26
CA22_27
CA22_28
CA22_29
CA22_30
CA27_06
CA27_07
CA27_08
CA27_09
CA27_10
CA27_11
CA27_12
CA27_13
CA27_14
CA27_15
CA27_16
CA27_17
CA31_09
CA31_10
CA31_11
CA31_12
CA31_13
CA31_19
CA31_20
CA31_21
CA31_22
CA32_23
CA32_27
CA32_28
CA33_20
CA33_21
CA33_22
CA33_23
CA33_24
CA33_25
CA33_26
CA35_12
CA35_13
CA38_21
CA38_22
CA38_23
CA38_24
CA38_25
CA38_26
CA38_27
CA38_28
CA39_11
CA39_12
CA40_05
CA40_06
CA40_07
CA40_08
CA40_09
CA40_10
CA40_11
CA40_12
CA40_13
CA40_14
CA40_15
CA40_16
CA40_17
CA40_18
CA45_09
CA45_10
CA45_11
CA45_12
CA45_13
CA45_14
CA45_18
CA45_20
CA45_21
CA50_22
CA50_23
CS01_01
CS01_02
CS01_03
CS01_04
CS01_05
CS01_06
CS01_07
CS01_08
CS01_09
CS01_10
CS01_11
CS01_12
CS01_13
CS01_14
CS01_15
CS01_16
CS02_01
CS02_02
CS02_03
CS02_04
CS02_07
CS02_08
CS02_09
CS02_10
CS02_11
CS02_12
CS02_13
CS02_14
CS02_15
CS02_17
CS02_18
CS02_19
CS02_20
CS02_21
CS03_09
CS05_01
CS05_02
CS05_03
CS05_04
CS05_13
CS05_14
CS05_15
CS05_16
CS05_17
CS05_18
CS05_19
CS06_01
CS06_02
CS06_03
CS06_04
CS06_05
CS06_06
CS06_07
CS06_08
CS06_09
CS06_10
CS06_11
CS06_12
CS06_13
CS06_14
CS06_15
CS06_22
CS06_23
CS06_24
CS06_25
CS06_26
CS06_27
CS06_28
CS06_30
CS07_06
CS07_07
CS07_08
CS07_14
CS07_15
CS07_19
CS07_20
CS08_01
CS08_02
CS08_03
CS08_04
CS08_05
CS08_06
CS08_07
CS08_08
CS08_09
CS08_19
CS09_19
CS09_20
CS09_27
CS09_28
CS09_29
CS10_10
CS10_12
CS10_13
CS10_14
CS10_23
CS10_24
CS10_25
CS11_01
CS11_02
CS11_03
CS11_04
CS11_05
CS11_06
CS11_08
CS11_09
CS11_10
CS11_11
CS11_12
CS11_14
CS11_15
CS11_21
CS11_22
CS11_23
CS12_08
CS12_09
CS12_10
CS12_11
CS12_12
CS12_19
CS12_22
CS12_23
CS12_24
CS13_26
CS13_29
CS13_30
CS14_24
CS14_25
CS14_26
CS14_27
CS14_29
CS14_30
CS15_09
CS15_10
CS15_11
CS15_12
CS15_13
CS16_25
CS16_26
CS16_27
CS16_28
CS17_01
CS17_02
CS17_03
CS17_04
CS17_05
CS17_07
CS17_08
CS17_09
CS17_10
CS17_21
CS17_22
CS18_08
CS18_09
CS18_10
CS18_11
CS18_12
CS18_13
CS18_14
CS18_20
CS18_21
CS19_06
CS19_07
CS19_08
CS19_09
CS19_11
CS19_12
CS19_13
CS19_14
CS19_15
CS19_18
CS19_19
CS19_20
CS19_21
CS19_22
CS19_23
CS19_24
CS19_26
CS19_28
CS19_29
CS20_12
CS20_13
CS20_14
CS20_15
CS20_18
CS20_19
CS20_20
CS20_21
CS20_22
CS20_23
CS20_24
CS20_25
CS20_26
CS21_06
CS21_09
CS21_10
CS21_11
CS21_12
CS21_13
CS21_19
CS21_20
CS21_21
CS21_22
CS21_23
CS21_24
CS21_25
CS21_26
CS21_29
CS21_30
CS22_24
CS22_25
CS22_26
CS22_28
CS23_24
CS23_25
CS24_19
CS25_01
CS25_02
CS25_03
CS25_05
CS25_06
CS25_07
CS25_08
CS25_13
CS25_14
CS25_21
CS25_22
CS25_23
CS25_24
CS25_25
CS27_01
CS27_02
CS27_03
CS27_04
CS27_06
CS27_16
CS27_17
CS27_18
CS27_19
CS27_20
CS28_03
CS28_19
CS29_18
CS31_23
CS31_24
CS31_25
CS31_26
CS31_27
CS32_05
CS32_06
CS32_09
CS32_10
CS32_11
CS32_13
CS32_14
CS32_25
CS32_29
CS32_30
CS33_05
CS33_06
CS33_11
CS33_13
CS33_14
CS33_15
CS33_16
CS33_17
CS33_19
CS33_20
CS34_04
CS34_05
CS34_12
CS34_13
CS34_14
CS34_15
CS34_16
CS34_17
CS34_18
CS34_19
CS34_20
CS34_21
CS34_22
CS34_23
CS34_24
CS34_25
CS34_26
CS34_27
CS34_28
CS34_29
CS35_12
CS35_17
CS35_18
CS35_19
CS35_25
CS35_26
CS35_27
CS35_28
CS35_29
CS36_17
CS36_18
CS36_19
CS36_20
CS36_21
CS36_22
CS36_23
CS36_24
CS36_25
CS37_01
CS37_02
CS37_03
CS37_20
CS37_21
CS38_01
CS38_02
CS38_03
CS38_07
CS38_08
CS38_09
CS38_12
CS38_13
CS38_14
CS39_01
CS39_02
CS39_03
CS39_04
CS39_05
CS39_06
CS39_07
CS39_08
CS39_09
CS39_10
CS39_11
CS39_15
CS39_16
CS39_17
CS39_18
CS39_19
CS39_20
CS39_21
CS39_22
CS39_23
CS39_24
CS39_25
CS39_26
CS39_27
CS39_28
CS39_29
CS39_30
CS40_06
CS40_07
CS40_08
CS40_09
CS40_10
CS40_11
CS40_14
CS40_15
CS40_25
CS41_03
CS41_04
CS41_05
CS41_06
CS41_07
CS41_08
CS41_14
CS41_15
CS41_16
CS41_17
CS41_18
CS41_19
CS41_21
CS42_08
CS42_10
CS42_12
CS42_13
CS42_14
CS42_20
CS42_21
CS42_22
CS42_23
CS42_24
CS42_25
CS42_26
CS43_04
CS43_12
CS43_26
CS43_27
CS44_15
CS44_16
CS44_20
CS44_21
CS44_22
CS44_26
CS44_27
CS44_28
CS44_29
CS45_12
CS45_13
CS45_14
CS45_15
CS45_20
CS45_27
CS45_28
CS46_01
CS46_02
CS46_03
CS46_04
CS46_05
CS46_19
CS46_20
CS46_21
CS46_22
CS46_23
CS46_25
CS46_26
CS46_27
CS46_28
CS48_05
CS48_06
CS48_10
CS48_11
CS48_12
CS48_23
CS48_26
CS48_27
CS48_30
CS49_20
CS49_25
CS49_26
CS50_01
CS50_02
CS50_03
CS50_04
CS50_05
CS50_06
CS50_10
CS50_11
CS50_20
HA01_21
HA01_23
HA01_24
HA01_25
HA01_26
HA01_28
HA01_29
HA01_30
HA03_09
HA03_10
HA03_11
HA03_19
HA03_20
HA03_21
HA03_22
HA03_23
HA03_24
HA03_25
HA03_26
HA03_27
HA03_28
HA03_29
HA03_30
HA05_08
HA05_09
HA05_14
HA05_15
HA05_16
HA05_17
HA05_18
HA05_19
HA05_24
HA05_28
HA05_29
HA05_30
HA07_16
HA09_09
HA09_10
HA09_11
HA09_12
HA09_13
HA09_14
HA09_15
HA09_16
HA09_17
HA09_18
HA09_19
HA09_20
HA09_21
HA09_22
HA09_23
HA09_24
HA09_25
HA09_26
HA09_27
HA09_28
HA09_29
HA09_30
HA10_14
HA10_15
HA11_01
HA11_02
HA11_03
HA11_04
HA11_05
HA11_27
HA11_28
HA12_01
HA12_02
HA12_03
HA12_04
HA12_05
HA12_06
HA12_07
HA12_08
HA12_09
HA12_10
HA12_11
HA12_12
HA12_13
HA12_14
HA12_16
HA12_17
HA13_05
HA13_06
HA13_07
HA13_10
HA13_27
HA13_28
HA13_29
HA13_30
HA14_13
HA14_14
HA18_20
HA18_21
HA18_25
HA18_26
HA18_27
HA18_28
HA18_29
HA20_11
HA20_12
HA20_13
HA20_14
HA20_15
HA20_17
HA20_18
HA20_19
HA20_20
HA20_21
HA20_22
HA20_23
HA20_24
HA20_25
HA20_29
HA21_01
HA21_02
HA21_03
HA21_04
HA21_05
HA21_06
HA21_07
HA21_08
HA21_09
HA21_10
HA21_11
HA21_12
HA21_13
HA21_14
HA21_15
HA21_16
HA21_17
HA21_18
HA21_28
HA21_29
HA21_30
HA24_03
HA24_04
HA24_05
HA24_06
HA24_07
HA24_08
HA24_09
HA24_10
HA24_11
HA24_20
HA24_21
HA24_22
HA24_23
HA24_24
HA24_25
HA24_26
HA24_27
HA24_28
HA24_29
HA24_30
HA25_22
HA25_23
HA25_24
HA25_25
HA25_26
HA27_24
HA30_15
HA30_16
HA30_17
HA30_18
HA30_19
HA30_20
HA30_21
HA30_22
HA30_23
HA30_24
HA30_25
HA30_26
HA30_27
HA30_28
HA30_29
HA30_30
HA35_01
HA35_02
HA35_03
HA35_04
HA35_05
HA35_09
HA35_10
HA35_11
HA35_12
HA35_17
HA35_18
HA35_19
HA35_24
HA35_25
HA35_26
HA35_28
HA35_29
HA35_30
HA37_10
HA37_11
HA37_12
HA38_04
HA38_05
HA38_27
HA38_28
HA38_29
HA38_30
HA39_04
HA39_10
HA39_11
HA39_17
HA39_18
HA39_19
HA39_20
HA39_21
HA39_22
HA39_23
HA39_24
HA39_25
HA40_01
HA40_02
HA40_03
HA40_26
HA40_27
HA41_04
HA41_05
HA41_06
HA41_08
HA41_09
HA42_25
HA42_26
HA42_27
HA42_28
HA42_29
HA44_17
HA44_18
HA45_20
HA45_21
HA46_04
HA46_05
HA46_06
HA46_07
HA46_08
HA46_18
HA46_19
HA46_21
HA46_22
HA46_23
HA46_24
HA47_20
HA48_07
HA48_08
HA48_09
HA48_10
HA48_11
HA48_12
HA48_13
HA48_14
HA48_15
HA48_16
HA48_17
HA50_12
HA50_16
HS01_08
HS01_15
HS01_16
HS02_24
HS02_25
HS02_26
HS02_27
HS02_28
HS04_05
HS04_06
HS04_07
HS04_08
HS04_15
HS04_16
HS04_21
HS04_22
HS04_23
HS04_24
HS04_30
HS05_01
HS06_01
HS06_02
HS06_03
HS06_05
HS06_06
HS06_15
HS06_16
HS06_17
HS06_26
HS07_09
HS07_10
HS07_29
HS07_30
HS08_01
HS08_02
HS08_03
HS08_04
HS08_05
HS08_06
HS08_07
HS08_08
HS08_09
HS08_10
HS08_11
HS08_12
HS08_13
HS08_14
HS08_15
HS08_24
HS08_25
HS08_26
HS08_27
HS08_28
HS09_15
HS09_16
HS09_17
HS09_19
HS09_20
HS09_21
HS09_22
HS09_23
HS09_24
HS09_25
HS09_26
HS10_01
HS10_02
HS10_03
HS10_09
HS10_19
HS10_26
HS10_27
HS10_28
HS10_29
HS11_14
HS11_15
HS11_17
HS11_20
HS11_21
HS11_26
HS12_10
HS12_11
HS12_12
HS13_29
HS14_28
HS14_29
HS15_01
HS15_02
HS15_03
HS15_14
HS15_15
HS15_18
HS15_19
HS15_20
HS15_27
HS15_29
HS15_30
HS16_01
HS16_02
HS16_14
HS16_15
HS16_26
HS16_30
HS17_04
HS17_05
HS17_06
HS17_07
HS17_12
HS17_13
HS17_14
HS17_15
HS17_17
HS17_18
HS17_19
HS17_20
HS17_21
HS17_22
HS17_23
HS17_24
HS17_25
HS17_26
HS17_27
HS17_28
HS18_20
HS18_21
HS18_22
HS18_23
HS18_24
HS18_27
HS18_28
HS19_16
HS19_21
HS19_22
HS19_23
HS19_24
HS19_26
HS19_28
HS20_14
HS20_21
HS20_30
HS21_17
HS21_27
HS21_28
HS21_29
HS21_30
HS22_20
HS22_21
HS22_22
HS22_23
HS23_06
HS23_07
HS23_08
HS23_27
HS24_23
HS24_24
HS25_04
HS25_09
HS25_10
HS25_13
HS25_14
HS25_15
HS25_17
HS25_18
HS27_04
HS27_05
HS27_06
HS27_07
HS27_08
HS27_09
HS27_12
HS27_13
HS27_14
HS27_15
HS27_23
HS27_24
HS27_27
HS27_30
HS28_12
HS28_14
HS28_15
HS28_16
HS28_17
HS28_18
HS28_20
HS28_23
HS28_24
HS28_25
HS28_26
HS28_27
HS29_14
HS30_16
HS30_28
HS30_29
HS30_30
HS31_10
HS31_14
HS31_15
HS31_16
HS31_18
HS31_20
HS31_21
HS32_04
HS32_08
HS32_11
HS32_12
HS32_13
HS32_20
HS32_21
HS32_26
HS32_27
HS32_28
HS33_21
HS34_11
HS34_12
HS34_13
HS34_16
HS34_17
HS34_18
HS34_19
HS34_20
HS34_21
HS34_22
HS34_23
HS34_24
HS34_27
HS34_28
HS35_01
HS35_02
HS35_03
HS35_17
HS36_01
HS36_02
HS36_03
HS36_04
HS36_05
HS36_09
HS36_10
HS36_11
HS36_12
HS36_16
HS36_17
HS36_18
HS36_27
HS36_28
HS36_29
HS36_30
HS37_05
HS37_06
HS37_08
HS37_09
HS37_10
HS37_11
HS37_13
HS39_09
HS39_10
HS39_19
HS39_22
HS40_28
HS40_30
HS41_09
HS41_10
HS41_11
HS41_12
HS41_13
HS41_14
HS41_15
HS41_17
HS41_24
HS41_25
HS41_26
HS41_27
HS41_28
HS42_06
HS42_07
HS42_08
HS42_09
HS42_10
HS42_11
HS42_12
HS42_13
HS42_20
HS42_23
HS42_25
HS42_26
HS42_27
HS42_28
HS42_29
HS42_30
HS43_06
HS43_07
HS45_01
HS46_12
HS46_23
HS46_30
HS47_08
HS47_09
HS47_10
HS47_11
HS47_12
HS47_13
HS47_19
HS47_20
HS47_21
HS47_22
HS47_23
HS48_05
HS48_17
HS48_23
HS50_09
KA02_27
KA05_21
KA05_22
KA05_23
KA05_24
KA05_25
KA05_26
KA05_27
KA06_01
KA06_02
KA06_03
KA06_04
KA06_05
KA07_09
KA08_01
KA08_02
KA08_03
KA08_04
KA15_04
KA15_05
KA15_07
KA15_08
KA15_09
KA15_10
KA16_14
KA18_16
KA18_17
KA18_18
KA18_19
KA18_20
KA18_21
KA18_22
KA18_26
KA20_02
KA20_03
KA20_15
KA20_16
KA20_17
KA20_18
KA20_19
KA20_20
KA21_24
KA22_06
KA22_07
KA22_08
KA22_09
KA22_13
KA22_14
KA22_15
KA22_16
KA22_17
KA22_18
KA22_19
KA22_20
KA22_21
KA22_29
KA22_30
KA23_11
KA23_12
KA23_13
KA23_14
KA23_15
KA26_08
KA26_09
KA26_10
KA26_11
KA26_12
KA26_14
KA26_16
KA26_17
KA26_18
KA26_28
KA28_09
KA28_10
KA28_21
KA28_22
KA28_23
KA28_24
KA28_25
KA28_26
KA28_27
KA28_28
KA28_29
KA30_08
KA30_16
KA36_20
KA36_21
KA36_22
KA36_23
KA40_20
KA40_21
KA40_22
KA40_23
KA40_24
KA40_25
KA40_26
KA40_27
KA40_28
KA41_11
KA41_12
KA41_13
KA41_14
KA41_15
KA42_24
KA42_25
KA42_26
KA42_27
KA43_01
KA46_21
KA46_22
KA46_23
KA46_24
KS01_17
KS02_09
KS02_14
KS02_15
KS02_21
KS04_19
KS04_20
KS04_21
KS04_22
KS04_23
KS04_24
KS04_28
KS04_29
KS04_30
KS05_01
KS05_02
KS05_03
KS05_04
KS05_05
KS05_06
KS05_07
KS05_10
KS05_11
KS05_13
KS05_21
KS06_06
KS06_07
KS06_08
KS06_22
KS08_03
KS08_04
KS08_05
KS08_06
KS08_07
KS08_08
KS09_18
KS10_02
KS10_03
KS10_04
KS10_05
KS10_06
KS10_07
KS10_08
KS10_09
KS10_11
KS10_17
KS10_24
KS10_25
KS10_26
KS11_07
KS11_08
KS11_16
KS11_24
KS11_27
KS11_28
KS11_29
KS15_04
KS15_05
KS15_06
KS15_07
KS15_08
KS15_09
KS15_10
KS15_11
KS15_12
KS15_13
KS15_14
KS15_17
KS15_18
KS15_19
KS15_20
KS15_22
KS16_12
KS16_15
KS16_16
KS16_22
KS16_24
KS16_26
KS16_27
KS16_28
KS16_29
KS17_06
KS17_07
KS17_08
KS17_09
KS17_11
KS17_16
KS17_17
KS17_22
KS18_08
KS18_14
KS18_15
KS18_18
KS18_19
KS18_24
KS18_25
KS18_26
KS18_27
KS18_28
KS18_29
KS18_30
KS19_13
KS19_16
KS19_17
KS19_18
KS19_19
KS19_20
KS19_22
KS19_23
KS19_24
KS19_25
KS19_26
KS19_27
KS19_28
KS19_29
KS19_30
KS20_23
KS21_11
KS21_17
KS21_21
KS21_23
KS21_24
KS22_28
KS23_17
KS23_20
KS23_21
KS23_26
KS23_27
KS23_28
KS24_11
KS24_25
KS25_05
KS25_13
KS25_14
KS25_15
KS25_23
KS25_24
KS26_02
KS26_03
KS26_04
KS26_05
KS26_06
KS26_07
KS26_08
KS26_09
KS26_10
KS26_11
KS26_12
KS27_01
KS27_02
KS27_03
KS27_04
KS27_05
KS27_06
KS27_07
KS27_08
KS27_09
KS27_11
KS27_12
KS27_13
KS27_14
KS27_15
KS27_23
KS27_24
KS27_28
KS27_29
KS27_30
KS28_07
KS28_08
KS28_09
KS28_10
KS28_11
KS30_01
KS30_02
KS30_03
KS30_06
KS30_07
KS30_14
KS30_15
KS30_16
KS30_17
KS30_18
KS30_19
KS30_22
KS32_01
KS32_02
KS32_26
KS32_30
KS33_04
KS33_05
KS33_08
KS33_10
KS33_12
KS33_13
KS33_15
KS33_19
KS33_20
KS33_22
KS33_23
KS33_27
KS33_28
KS36_15
KS36_16
KS36_17
KS36_18
KS37_20
KS37_22
KS37_23
KS37_24
KS37_25
KS37_26
KS37_27
KS37_28
KS37_29
KS37_30
KS39_10
KS39_11
KS40_07
KS40_26
KS40_27
KS40_28
KS42_06
KS42_07
KS42_22
KS42_30
KS45_06
KS45_07
KS45_09
KS45_10
KS45_30
KS46_04
KS46_05
KS46_09
KS46_10
KS46_20
KS47_05
KS47_08
KS47_14
KS47_15
KS47_25
KS48_04
KS48_05
KS48_08
KS48_09
KS48_10
KS48_11
KS48_18
KS48_29
KS49_07
KS49_22
KS49_23
KS49_24
KS50_08
KS50_15
KS50_24
PA01_11
PA01_22
PA01_25
PA01_27
PA01_28
PA01_29
PA01_30
PA02_10
PA02_11
PA02_13
PA02_14
PA02_15
PA02_17
PA02_18
PA02_20
PA02_21
PA02_29
PA02_30
PA03_27
PA03_29
PA03_30
PA04_05
PA04_07
PA04_08
PA04_10
PA04_11
PA04_12
PA04_14
PA04_15
PA04_16
PA04_17
PA04_18
PA05_20
PA05_21
PA05_22
PA05_23
PA05_24
PA05_25
PA05_26
PA05_27
PA05_28
PA05_29
PA05_30
PA06_24
PA06_25
PA06_26
PA06_27
PA06_28
PA06_29
PA06_30
PA07_24
PA07_25
PA07_26
PA08_26
PA08_27
PA08_28
PA08_30
PA09_19
PA09_20
PA10_01
PA10_22
PA10_24
PA10_25
PA10_26
PA10_27
PA10_28
PA10_29
PA10_30
PA11_12
PA11_16
PA11_17
PA11_18
PA11_19
PA11_20
PA11_21
PA11_22
PA11_26
PA11_27
PA11_28
PA11_29
PA11_30
PA12_17
PA12_18
PA12_22
PA13_01
PA13_02
PA13_03
PA13_04
PA13_05
PA13_06
PA13_07
PA13_24
PA13_25
PA13_26
PA14_23
PA14_25
PA14_26
PA14_27
PA14_28
PA14_29
PA14_30
PA15_20
PA15_21
PA15_22
PA15_23
PA15_24
PA15_25
PA15_26
PA15_27
PA15_28
PA15_29
PA15_30
PA18_25
PA18_30
PA20_10
PA20_11
PA20_13
PA20_16
PA20_17
PA20_18
PA20_26
PA21_15
PA21_22
PA21_23
PA21_24
PA21_25
PA21_26
PA21_27
PA21_30
PA22_29
PA23_10
PA23_11
PA24_17
PA24_18
PA24_19
PA24_20
PA24_21
PA24_22
PA24_23
PA24_24
PA24_25
PA24_26
PA25_20
PA25_21
PA25_22
PA25_23
PA25_24
PA25_25
PA25_26
PA25_27
PA25_28
PA25_29
PA25_30
PA27_17
PA27_18
PA27_20
PA27_23
PA27_25
PA27_26
PA27_27
PA27_28
PA27_29
PA27_30
PA28_17
PA28_26
PA28_27
PA28_28
PA28_29
PA28_30
PA29_27
PA29_28
PA29_29
PA30_13
PA30_16
PA30_17
PA30_18
PA30_19
PA30_20
PA30_22
PA30_24
PA30_25
PA30_26
PA30_27
PA30_28
PA31_10
PA31_20
PA31_21
PA31_22
PA31_23
PA31_24
PA31_25
PA31_26
PA31_27
PA31_28
PA31_29
PA31_30
PA33_29
PA33_30
PA34_25
PA34_26
PA34_29
PA34_30
PA36_17
PA36_21
PA36_22
PA36_23
PA36_24
PA36_25
PA36_26
PA36_27
PA36_28
PA37_17
PA37_18
PA37_19
PA37_20
PA38_16
PA38_21
PA38_22
PA38_24
PA38_27
PA38_28
PA38_29
PA38_30
PA39_22
PA39_23
PA39_29
PA39_30
PA40_18
PA40_19
PA40_20
PA40_23
PA40_24
PA40_29
PA41_24
PA41_25
PA41_26
PA41_27
PA41_28
PA41_29
PA41_30
PA42_24
PA42_27
PA43_23
PA43_24
PA43_30
PA45_24
PA46_19
PA46_20
PA46_21
PA46_22
PA46_23
PA46_24
PA46_25
PA46_26
PA48_12
PA48_13
PA48_14
PA48_15
PA48_16
PA48_17
PA48_18
PA48_19
PA48_20
PA49_13
PA49_19
PA49_28
PA50_30
PS01_18
PS01_22
PS01_23
PS02_11
PS02_12
PS02_26
PS02_27
PS02_28
PS02_29
PS02_30
PS05_19
PS05_20
PS05_29
PS05_30
PS06_16
PS06_25
PS06_26
PS06_27
PS07_08
PS07_09
PS07_10
PS08_09
PS08_13
PS08_14
PS09_09
PS09_24
PS09_25
PS09_26
PS09_27
PS09_28
PS10_16
PS10_17
PS10_18
PS10_19
PS10_20
PS10_21
PS10_22
PS10_23
PS10_24
PS10_25
PS10_28
PS10_29
PS10_30
PS11_27
PS12_15
PS12_16
PS13_19
PS13_24
PS13_25
PS13_26
PS13_27
PS13_28
PS13_29
PS13_30
PS14_27
PS14_28
PS15_19
PS15_20
PS15_21
PS15_22
PS18_26
PS19_13
PS20_26
PS21_10
PS21_11
PS21_12
PS21_14
PS21_15
PS21_16
PS21_17
PS21_29
PS21_30
PS22_17
PS22_18
PS22_19
PS23_11
PS23_12
PS23_13
PS23_14
PS23_15
PS23_16
PS23_17
PS23_18
PS23_19
PS23_20
PS24_15
PS26_12
PS26_13
PS26_14
PS26_15
PS26_24
PS26_25
PS26_26
PS27_28
PS27_29
PS27_30
PS30_19
PS30_27
PS31_29
PS31_30
PS32_30
PS33_16
PS33_17
PS33_26
PS33_27
PS33_28
PS33_29
PS33_30
PS34_29
PS34_30
PS35_12
PS36_24
PS36_25
PS37_24
PS38_13
PS38_14
PS38_15
PS38_16
PS38_24
PS39_30
PS40_15
PS40_16
PS40_17
PS40_18
PS40_19
PS40_20
PS40_21
PS40_22
PS40_24
PS40_25
PS40_26
PS41_09
PS41_12
PS41_13
PS41_26
PS41_27
PS42_25
PS42_26
PS42_27
PS42_28
PS42_29
PS42_30
PS43_18
PS43_19
PS45_17
PS45_18
PS45_19
PS45_20
PS45_21
PS45_22
PS45_23
PS45_24
PS45_25
PS45_26
PS45_27
PS45_28
PS45_29
PS45_30
PS46_09
PS46_10
PS46_16
PS46_17
PS46_18
PS46_19
PS46_27
PS47_22
PS47_23
PS47_28
PS47_29
PS47_30
PS48_11
PS48_12
PS48_13
PS48_14
PS48_15
PS48_16
PS48_17
PS48_19
PS48_20
PS48_21
PS48_22
PS48_29
TA01_12
TA01_13
TA01_23
TA04_13
TA04_14
TA04_28
TA06_01
TA06_02
TA06_03
TA06_04
TA06_05
TA06_23
TA06_24
TA07_20
TA07_21
TA08_18
TA08_29
TA08_30
TA16_25
TA16_27
TA18_30
TA19_14
TA19_18
TA19_20
TA22_15
TA22_16
TA22_17
TA24_23
TA24_24
TA24_29
TA24_30
TA25_08
TA25_09
TA25_10
TA25_11
TA25_12
TA25_13
TA25_17
TA25_18
TA25_19
TA25_20
TA25_21
TA28_17
TA28_18
TA28_19
TA28_20
TA32_28
TA37_09
TA37_10
TA37_11
TA37_12
TA37_14
TA37_15
TA37_16
TA37_17
TA37_23
TA37_24
TA37_25
TA37_26
TA37_30
TA39_04
TA39_05
TA39_06
TA39_07
TA39_08
TA39_09
TA39_10
TA39_15
TA39_16
TA39_17
TA39_18
TA39_19
TA43_05
TA44_05
TA44_06
TA44_07
TA44_08
TA44_18
TA44_21
TA44_22
TA44_23
TA44_24
TA44_25
TA44_26
TA44_27
TA44_28
TA44_29
TA44_30
TA47_01
TA47_02
TA47_03
TA47_04
TA47_05
TA48_04
TA48_26
TA48_27
TA48_28
TA48_29
TA48_30
TA50_21
TA50_22
TS05_05
TS05_06
TS05_07
TS05_08
TS05_11
TS05_23
TS06_07
TS06_08
TS06_09
TS06_11
TS06_12
TS06_13
TS06_14
TS06_20
TS06_21
TS06_23
TS06_24
TS06_25
TS06_26
TS06_27
TS06_28
TS06_29
TS06_30
TS07_13
TS07_14
TS07_26
TS07_27
TS12_28
TS16_09
TS16_12
TS16_13
TS16_14
TS16_17
TS16_18
TS16_22
TS16_25
TS16_29
TS16_30
TS17_27
TS18_26
TS18_27
TS19_10
TS19_11
TS19_12
TS19_25
TS19_26
TS19_29
TS19_30
TS20_27
TS20_28
TS20_29
TS20_30
TS24_09
TS24_11
TS24_12
TS24_19
TS24_24
TS25_09
TS25_10
TS25_11
TS25_12
TS25_13
TS25_14
TS25_15
TS25_16
TS25_24
TS27_14
TS27_15
TS27_16
TS27_17
TS27_18
TS27_19
TS27_21
TS27_22
TS27_23
TS27_24
TS27_25
TS27_27
TS27_28
TS28_19
TS28_20
TS28_21
TS28_23
TS30_09
TS30_11
TS30_20
TS31_29
TS32_11
TS32_12
TS32_13
TS32_14
TS32_15
TS32_16
TS32_17
TS32_18
TS32_21
TS32_22
TS32_23
TS32_26
TS32_27
TS34_13
TS34_14
TS34_15
TS34_16
TS34_17
TS34_18
TS34_19
TS34_20
TS38_06
TS38_08
TS38_09
TS38_10
TS38_22
TS38_23
TS39_01
TS39_02
TS39_08
TS39_09
TS39_10
TS39_11
TS39_12
TS39_13
TS39_14
TS39_15
TS39_26
TS39_27
TS39_28
TS39_29
TS39_30
TS40_07
TS40_08
TS40_12
TS40_18
TS40_23
TS40_24
TS41_08
TS41_09
TS41_10
TS41_15
TS41_21
TS41_26
TS41_27
TS41_28
TS41_29
TS41_30
TS42_29
TS42_30
TS45_07
TS45_08
TS45_09
TS46_29
TS47_29
TS47_30
TS48_29
TS48_30
TS50_30
CA01_01
CA01_02
CA01_03
CA01_04
CA01_05
CA01_06
CA01_07
CA01_08
CA01_09
CA01_10
CA01_11
CA01_12
CA01_13
CA01_14
CA01_15
CA01_16
CA01_17
CA01_18
CA01_19
CA01_20
CA01_21
CA01_22
CA01_23
CA01_24
CA01_25
CA01_26
CA01_27
CA01_28
CA01_29
CA01_30
CA02_01
CA02_02
CA02_03
CA02_04
CA02_05
CA02_06
CA02_07
CA02_08
CA02_09
CA02_10
CA02_11
CA02_12
CA02_13
CA02_14
CA02_15
CA02_16
CA02_17
CA02_18
CA02_19
CA02_20
CA02_21
CA02_22
CA02_23
CA02_24
CA02_25
CA02_26
CA02_27
CA02_28
CA02_29
CA02_30
CA03_01
CA03_02
CA03_03
CA03_04
CA03_05
CA03_06
CA03_07
CA03_08
CA03_09
CA03_10
CA03_11
CA03_12
CA03_13
CA03_14
CA03_15
CA03_16
CA03_17
CA03_18
CA03_19
CA03_20
CA03_21
CA03_22
CA03_23
CA03_24
CA03_25
CA03_26
CA03_27
CA03_28
CA03_29
CA03_30
CA04_01
CA04_02
CA04_03
CA04_04
CA04_05
CA04_06
CA04_07
CA04_08
CA04_09
CA04_10
CA04_11
CA04_12
CA04_13
CA04_14
CA04_15
CA04_16
CA04_17
CA04_18
CA04_19
CA04_20
CA04_21
CA04_22
CA04_23
CA04_24
CA04_25
CA04_26
CA04_27
CA04_28
CA05_01
CA05_02
CA05_03
CA05_04
CA05_05
CA05_06
CA05_07
CA05_08
CA05_09
CA05_10
CA05_11
CA05_12
CA05_13
CA05_14
CA05_15
CA05_16
CA05_17
CA05_18
CA05_19
CA05_25
CA05_26
CA05_27
CA05_28
CA05_29
CA06_01
CA06_02
CA06_03
CA06_04
CA06_05
CA06_06
CA06_07
CA06_08
CA06_09
CA06_10
CA06_11
CA06_12
CA06_13
CA06_14
CA06_15
CA06_16
CA06_17
CA06_18
CA06_19
CA06_20
CA06_21
CA06_22
CA06_23
CA06_24
CA06_25
CA06_26
CA06_27
CA06_28
CA06_29
CA06_30
CA07_01
CA07_02
CA07_03
CA07_04
CA07_05
CA07_06
CA07_07
CA07_08
CA07_09
CA07_10
CA07_11
CA07_12
CA07_13
CA07_14
CA07_15
CA07_16
CA07_17
CA07_18
CA07_19
CA07_20
CA07_21
CA07_22
CA07_23
CA07_24
CA07_25
CA07_26
CA07_27
CA07_28
CA07_29
CA07_30
CA08_01
CA08_02
CA08_03
CA08_04
CA08_05
CA08_06
CA08_07
CA08_08
CA08_09
CA08_10
CA08_11
CA08_12
CA08_13
CA08_14
CA08_15
CA08_17
CA08_18
CA08_19
CA08_20
CA08_21
CA08_22
CA08_23
CA08_24
CA08_25
CA08_26
CA08_27
CA08_28
CA08_29
CA08_30
CA09_01
CA09_02
CA09_03
CA09_04
CA09_05
CA09_06
CA09_07
CA09_08
CA09_09
CA09_10
CA09_11
CA09_16
CA09_17
CA09_18
CA09_19
CA09_20
CA09_21
CA09_22
CA09_23
CA09_24
CA09_25
CA09_26
CA09_27
CA09_28
CA09_29
CA09_30
CA10_01
CA10_02
CA10_03
CA10_04
CA10_05
CA10_06
CA10_07
CA10_08
CA10_09
CA10_10
CA10_11
CA10_12
CA10_13
CA10_14
CA10_15
CA10_16
CA10_17
CA10_18
CA10_19
CA10_20
CA10_21
CA10_22
CA10_23
CA10_24
CA10_25
CA10_26
CA10_27
CA10_28
CA10_29
CA10_30
CA11_01
CA11_02
CA11_03
CA11_04
CA11_05
CA11_06
CA11_07
CA11_08
CA11_15
CA11_16
CA11_17
CA11_18
CA11_19
CA11_20
CA11_21
CA11_22
CA11_23
CA11_24
CA11_25
CA11_26
CA11_27
CA11_28
CA11_29
CA11_30
CA12_01
CA12_02
CA12_03
CA12_04
CA12_05
CA12_06
CA12_07
CA12_08
CA12_09
CA12_10
CA12_11
CA12_12
CA12_13
CA12_14
CA12_15
CA12_16
CA12_17
CA12_18
CA12_19
CA12_20
CA12_21
CA12_22
CA12_23
CA12_24
CA12_25
CA12_26
CA12_27
CA12_28
CA12_29
CA12_30
CA13_01
CA13_02
CA13_03
CA13_04
CA13_05
CA13_06
CA13_07
CA13_08
CA13_09
CA13_10
CA13_11
CA13_12
CA13_13
CA13_14
CA13_15
CA13_16
CA13_17
CA13_18
CA13_19
CA13_20
CA13_21
CA13_22
CA13_23
CA13_24
CA13_25
CA13_26
CA13_27
CA13_28
CA13_29
CA13_30
CA14_01
CA14_02
CA14_03
CA14_04
CA14_05
CA14_06
CA14_07
CA14_08
CA14_09
CA14_10
CA14_11
CA14_12
CA14_13
CA14_14
CA14_15
CA14_16
CA14_17
CA14_18
CA14_19
CA14_20
CA14_21
CA14_22
CA14_23
CA14_24
CA14_25
CA14_26
CA14_27
CA14_28
CA14_29
CA14_30
CA15_01
CA15_02
CA15_03
CA15_04
CA15_05
CA15_06
CA15_07
CA15_08
CA15_09
CA15_10
CA15_11
CA15_12
CA15_13
CA15_14
CA15_15
CA15_16
CA15_17
CA15_18
CA15_19
CA15_20
CA15_21
CA15_22
CA15_23
CA15_24
CA15_25
CA15_26
CA15_27
CA15_28
CA15_29
CA15_30
CA16_01
CA16_02
CA16_03
CA16_04
CA16_05
CA16_12
CA16_13
CA16_14
CA16_15
CA16_16
CA16_17
CA16_18
CA16_19
CA16_20
CA16_21
CA16_22
CA16_23
CA16_24
CA16_25
CA16_26
CA16_27
CA16_28
CA16_29
CA16_30
CA17_01
CA17_02
CA17_03
CA17_04
CA17_05
CA17_06
CA17_07
CA17_08
CA17_09
CA17_10
CA17_11
CA17_12
CA17_21
CA17_22
CA17_23
CA17_24
CA17_25
CA17_26
CA17_27
CA17_28
CA17_29
CA17_30
CA18_01
CA18_02
CA18_03
CA18_04
CA18_05
CA18_06
CA18_07
CA18_08
CA18_09
CA18_10
CA18_11
CA18_12
CA18_13
CA18_14
CA18_15
CA18_16
CA18_17
CA18_18
CA18_19
CA18_20
CA18_21
CA18_22
CA18_23
CA18_24
CA18_25
CA18_26
CA18_27
CA18_28
CA18_29
CA18_30
CA19_01
CA19_02
CA19_03
CA19_04
CA19_05
CA19_06
CA19_07
CA19_14
CA19_20
CA19_21
CA19_22
CA19_23
CA19_24
CA19_25
CA19_26
CA19_27
CA19_28
CA19_29
CA19_30
CA20_01
CA20_02
CA20_03
CA20_04
CA20_05
CA20_06
CA20_07
CA20_08
CA20_09
CA20_10
CA20_11
CA20_12
CA20_13
CA20_14
CA20_15
CA20_16
CA20_17
CA20_18
CA20_19
CA20_20
CA20_21
CA20_22
CA20_23
CA20_24
CA20_25
CA20_26
CA20_27
CA20_28
CA20_29
CA20_30
CA21_02
CA21_03
CA21_04
CA21_05
CA21_06
CA21_10
CA21_11
CA21_12
CA21_13
CA21_14
CA21_15
CA21_16
CA21_17
CA21_18
CA21_19
CA21_20
CA21_21
CA21_22
CA21_23
CA21_24
CA21_25
CA21_26
CA21_27
CA21_28
CA21_29
CA21_30
CA22_01
CA22_02
CA22_03
CA22_04
CA22_05
CA22_06
CA22_07
CA22_08
CA22_09
CA22_10
CA22_11
CA22_12
CA22_13
CA22_14
CA22_15
CA22_16
CA22_17
CA22_18
CA22_19
CA22_20
CA22_21
CA22_22
CA22_23
CA22_24
CA23_01
CA23_02
CA23_03
CA23_04
CA23_05
CA23_06
CA23_07
CA23_08
CA23_09
CA23_10
CA23_11
CA23_12
CA23_13
CA23_14
CA23_15
CA23_16
CA23_17
CA23_18
CA23_19
CA23_20
CA23_21
CA23_22
CA23_23
CA23_24
CA23_25
CA23_26
CA23_27
CA23_28
CA23_29
CA23_30
CA24_01
CA24_02
CA24_03
CA24_04
CA24_05
CA24_06
CA24_07
CA24_08
CA24_09
CA24_10
CA24_11
CA24_12
CA24_13
CA24_14
CA24_15
CA24_16
CA24_17
CA24_18
CA24_19
CA24_20
CA24_21
CA24_22
CA24_23
CA24_24
CA24_25
CA24_26
CA24_27
CA24_28
CA24_29
CA24_30
CA25_01
CA25_02
CA25_03
CA25_04
CA25_05
CA25_06
CA25_07
CA25_08
CA25_09
CA25_10
CA25_11
CA25_12
CA25_13
CA25_14
CA25_15
CA25_16
CA25_17
CA25_18
CA25_19
CA25_20
CA25_21
CA25_22
CA25_23
CA25_24
CA25_25
CA25_26
CA25_27
CA25_28
CA25_29
CA25_30
CA26_01
CA26_02
CA26_03
CA26_04
CA26_05
CA26_06
CA26_07
CA26_08
CA26_09
CA26_10
CA26_11
CA26_12
CA26_13
CA26_14
CA26_15
CA26_16
CA26_17
CA26_18
CA26_19
CA26_20
CA26_21
CA26_22
CA26_23
CA26_24
CA26_25
CA26_26
CA26_27
CA26_28
CA26_29
CA26_30
CA27_01
CA27_02
CA27_03
CA27_04
CA27_05
CA27_18
CA27_19
CA27_20
CA27_21
CA27_22
CA27_23
CA27_24
CA27_25
CA27_26
CA27_27
CA27_28
CA27_29
CA27_30
CA28_01
CA28_02
CA28_03
CA28_04
CA28_05
CA28_06
CA28_07
CA28_08
CA28_09
CA28_10
CA28_11
CA28_12
CA28_13
CA28_14
CA28_15
CA28_16
CA28_17
CA28_18
CA28_19
CA28_20
CA28_21
CA28_22
CA28_23
CA28_24
CA28_25
CA28_26
CA28_27
CA28_28
CA28_29
CA28_30
CA29_01
CA29_02
CA29_03
CA29_04
CA29_05
CA29_06
CA29_07
CA29_08
CA29_09
CA29_10
CA29_11
CA29_12
CA29_13
CA29_14
CA29_15
CA29_16
CA29_17
CA29_18
CA29_19
CA29_20
CA29_21
CA29_22
CA29_23
CA29_24
CA29_25
CA29_26
CA29_27
CA29_28
CA29_29
CA29_30
CA30_01
CA30_02
CA30_03
CA30_04
CA30_05
CA30_06
CA30_07
CA30_08
CA30_09
CA30_10
CA30_11
CA30_12
CA30_13
CA30_14
CA30_15
CA30_16
CA30_17
CA30_18
CA30_19
CA30_20
CA30_21
CA30_22
CA30_23
CA30_24
CA30_25
CA30_26
CA30_27
CA30_28
CA30_29
CA30_30
CA31_01
CA31_02
CA31_03
CA31_04
CA31_05
CA31_06
CA31_07
CA31_08
CA31_14
CA31_15
CA31_16
CA31_17
CA31_18
CA31_23
CA31_24
CA31_25
CA31_26
CA31_27
CA31_28
CA31_29
CA31_30
CA32_01
CA32_02
CA32_03
CA32_04
CA32_05
CA32_06
CA32_07
CA32_08
CA32_09
CA32_10
CA32_11
CA32_12
CA32_13
CA32_14
CA32_15
CA32_16
CA32_17
CA32_18
CA32_19
CA32_20
CA32_21
CA32_22
CA32_24
CA32_25
CA32_26
CA32_29
CA32_30
CA33_01
CA33_02
CA33_03
CA33_04
CA33_05
CA33_06
CA33_07
CA33_08
CA33_09
CA33_10
CA33_11
CA33_12
CA33_13
CA33_14
CA33_15
CA33_16
CA33_17
CA33_18
CA33_19
CA33_27
CA33_28
CA33_29
CA33_30
CA34_01
CA34_02
CA34_03
CA34_04
CA34_05
CA34_06
CA34_07
CA34_08
CA34_09
CA34_10
CA34_11
CA34_12
CA34_13
CA34_14
CA34_15
CA34_16
CA34_17
CA34_18
CA34_19
CA34_20
CA34_21
CA34_22
CA34_23
CA34_24
CA34_25
CA34_26
CA34_27
CA34_28
CA34_29
CA34_30
CA35_01
CA35_02
CA35_03
CA35_04
CA35_05
CA35_06
CA35_07
CA35_08
CA35_09
CA35_10
CA35_11
CA35_14
CA35_15
CA35_16
CA35_17
CA35_18
CA35_19
CA35_20
CA35_21
CA35_22
CA35_23
CA35_24
CA35_25
CA35_26
CA35_27
CA35_28
CA35_29
CA35_30
CA36_01
CA36_02
CA36_03
CA36_04
CA36_05
CA36_06
CA36_07
CA36_08
CA36_09
CA36_10
CA36_11
CA36_12
CA36_13
CA36_14
CA36_15
CA36_16
CA36_17
CA36_18
CA36_19
CA36_20
CA36_21
CA36_22
CA36_23
CA36_24
CA36_25
CA36_26
CA36_27
CA36_28
CA36_29
CA36_30
CA37_01
CA37_02
CA37_03
CA37_04
CA37_05
CA37_06
CA37_07
CA37_08
CA37_09
CA37_10
CA37_11
CA37_12
CA37_13
CA37_14
CA37_15
CA37_16
CA37_17
CA37_18
CA37_19
CA37_20
CA37_21
CA37_22
CA37_23
CA37_24
CA37_25
CA37_26
CA37_27
CA37_28
CA37_29
CA37_30
CA38_01
CA38_02
CA38_03
CA38_04
CA38_05
CA38_06
CA38_07
CA38_08
CA38_09
CA38_10
CA38_11
CA38_12
CA38_13
CA38_14
CA38_15
CA38_16
CA38_17
CA38_18
CA38_19
CA38_20
CA38_29
CA38_30
CA39_01
CA39_02
CA39_03
CA39_04
CA39_05
CA39_06
CA39_07
CA39_08
CA39_09
CA39_10
CA39_13
CA39_14
CA39_15
CA39_16
CA39_17
CA39_18
CA39_19
CA39_20
CA39_21
CA39_22
CA39_23
CA39_24
CA39_25
CA39_26
CA39_27
CA39_28
CA39_29
CA39_30
CA40_01
CA40_02
CA40_03
CA40_04
CA40_19
CA40_20
CA40_21
CA40_22
CA40_23
CA40_24
CA40_25
CA40_26
CA40_27
CA40_28
CA40_29
CA40_30
CA41_01
CA41_02
CA41_03
CA41_04
CA41_05
CA41_06
CA41_07
CA41_08
CA41_09
CA41_10
CA41_11
CA41_12
CA41_13
CA41_14
CA41_15
CA41_16
CA41_17
CA41_18
CA41_19
CA41_20
CA41_21
CA41_22
CA41_23
CA41_24
CA41_25
CA41_26
CA41_27
CA41_28
CA41_29
CA41_30
CA42_01
CA42_02
CA42_03
CA42_04
CA42_05
CA42_06
CA42_07
CA42_08
CA42_09
CA42_10
CA42_11
CA42_12
CA42_13
CA42_14
CA42_15
CA42_16
CA42_17
CA42_18
CA42_19
CA42_20
CA42_21
CA42_22
CA42_23
CA42_24
CA42_25
CA42_26
CA42_27
CA42_28
CA42_29
CA42_30
CA43_01
CA43_02
CA43_03
CA43_04
CA43_05
CA43_06
CA43_07
CA43_08
CA43_09
CA43_10
CA43_11
CA43_12
CA43_13
CA43_14
CA43_15
CA43_16
CA43_17
CA43_18
CA43_19
CA43_20
CA43_21
CA43_22
CA43_23
CA43_24
CA43_25
CA43_26
CA43_27
CA43_28
CA43_29
CA43_30
CA44_01
CA44_02
CA44_03
CA44_04
CA44_05
CA44_06
CA44_07
CA44_08
CA44_09
CA44_10
CA44_11
CA44_12
CA44_13
CA44_14
CA44_15
CA44_16
CA44_17
CA44_18
CA44_19
CA44_20
CA44_21
CA44_22
CA44_23
CA44_24
CA44_25
CA44_26
CA44_27
CA44_28
CA44_29
CA44_30
CA45_01
CA45_02
CA45_03
CA45_04
CA45_05
CA45_06
CA45_07
CA45_08
CA45_15
CA45_16
CA45_17
CA45_22
CA45_23
CA45_24
CA45_25
CA45_26
CA45_27
CA45_28
CA45_29
CA45_30
CA46_01
CA46_02
CA46_03
CA46_04
CA46_05
CA46_06
CA46_07
CA46_08
CA46_09
CA46_10
CA46_11
CA46_12
CA46_13
CA46_14
CA46_15
CA46_16
CA46_17
CA46_18
CA46_19
CA46_20
CA46_21
CA46_22
CA46_23
CA46_24
CA46_25
CA46_26
CA46_27
CA46_28
CA46_29
CA46_30
CA47_01
CA47_02
CA47_03
CA47_04
CA47_05
CA47_06
CA47_07
CA47_08
CA47_09
CA47_10
CA47_11
CA47_12
CA47_13
CA47_14
CA47_15
CA47_16
CA47_17
CA47_18
CA47_19
CA47_20
CA47_21
CA47_22
CA47_23
CA47_24
CA47_25
CA47_26
CA47_27
CA47_28
CA47_29
CA47_30
CA48_01
CA48_02
CA48_03
CA48_04
CA48_05
CA48_06
CA48_07
CA48_08
CA48_09
CA48_10
CA48_11
CA48_12
CA48_13
CA48_14
CA48_15
CA48_16
CA48_17
CA48_18
CA48_19
CA48_20
CA48_21
CA48_22
CA48_23
CA48_24
CA48_25
CA48_26
CA48_27
CA48_28
CA48_29
CA48_30
CA49_01
CA49_02
CA49_03
CA49_04
CA49_05
CA49_06
CA49_07
CA49_08
CA49_09
CA49_10
CA49_11
CA49_12
CA49_13
CA49_14
CA49_15
CA49_16
CA49_17
CA49_18
CA49_19
CA49_20
CA49_21
CA49_22
CA49_23
CA49_24
CA49_25
CA49_26
CA49_27
CA49_28
CA49_29
CA49_30
CA50_01
CA50_02
CA50_03
CA50_04
CA50_05
CA50_06
CA50_07
CA50_08
CA50_09
CA50_10
CA50_11
CA50_12
CA50_13
CA50_14
CA50_15
CA50_16
CA50_17
CA50_18
CA50_19
CA50_20
CA50_21
CA50_24
CA50_25
CA50_26
CA50_27
CA50_28
CA50_29
CA50_30
CS01_17
CS01_18
CS01_19
CS01_20
CS01_21
CS01_22
CS01_23
CS01_24
CS01_25
CS01_26
CS01_27
CS01_28
CS01_29
CS01_30
CS02_16
CS02_22
CS02_23
CS02_24
CS02_25
CS02_26
CS02_27
CS02_28
CS03_01
CS03_02
CS03_03
CS03_04
CS03_05
CS03_06
CS03_07
CS03_10
CS03_11
CS03_12
CS03_13
CS03_14
CS03_15
CS03_16
CS03_17
CS03_18
CS03_19
CS03_20
CS03_21
CS03_22
CS03_23
CS03_24
CS03_25
CS03_26
CS03_27
CS03_28
CS03_29
CS03_30
CS04_01
CS04_02
CS04_03
CS04_04
CS04_05
CS04_09
CS04_10
CS04_11
CS04_12
CS04_13
CS04_14
CS04_15
CS04_16
CS04_17
CS04_18
CS04_19
CS04_20
CS04_21
CS04_22
CS04_23
CS04_24
CS04_25
CS04_26
CS04_27
CS04_28
CS04_29
CS06_19
CS06_20
CS06_21
CS07_01
CS07_02
CS07_03
CS07_04
CS07_05
CS07_09
CS07_10
CS07_21
CS07_22
CS07_23
CS07_24
CS07_25
CS07_26
CS07_27
CS07_28
CS07_29
CS07_30
CS08_20
CS08_21
CS08_22
CS08_23
CS08_24
CS08_25
CS08_26
CS08_27
CS08_28
CS08_29
CS08_30
CS09_01
CS09_02
CS09_03
CS09_04
CS09_05
CS09_06
CS09_07
CS09_08
CS09_09
CS09_10
CS09_11
CS09_12
CS09_13
CS09_14
CS09_15
CS09_16
CS09_17
CS09_18
CS09_21
CS09_22
CS09_23
CS09_24
CS09_25
CS09_26
CS09_30
CS10_01
CS10_02
CS10_03
CS10_04
CS10_05
CS10_06
CS10_07
CS10_08
CS10_09
CS10_11
CS10_15
CS10_16
CS10_17
CS10_18
CS10_19
CS10_20
CS10_21
CS10_22
CS10_26
CS10_27
CS10_28
CS10_29
CS10_30
CS11_07
CS11_24
CS11_25
CS11_26
CS11_27
CS11_28
CS11_29
CS11_30
CS12_01
CS12_02
CS12_03
CS12_04
CS12_05
CS12_06
CS12_07
CS12_13
CS12_14
CS12_15
CS12_16
CS12_17
CS12_18
CS12_20
CS12_21
CS12_25
CS12_26
CS12_27
CS12_28
CS12_29
CS12_30
CS13_01
CS13_02
CS13_03
CS13_04
CS13_05
CS13_06
CS13_07
CS13_08
CS13_09
CS13_10
CS13_11
CS13_12
CS13_13
CS13_14
CS13_15
CS13_16
CS13_17
CS13_18
CS13_19
CS13_20
CS13_21
CS13_22
CS13_23
CS13_24
CS13_25
CS14_01
CS14_02
CS14_03
CS14_04
CS14_05
CS14_06
CS14_07
CS14_08
CS14_09
CS14_10
CS14_11
CS14_12
CS14_13
CS14_14
CS14_15
CS14_16
CS14_17
CS14_18
CS14_19
CS14_20
CS14_21
CS14_22
CS14_23
CS14_28
CS15_01
CS15_02
CS15_03
CS15_04
CS15_05
CS15_06
CS15_07
CS15_08
CS15_15
CS15_16
CS15_17
CS15_18
CS15_19
CS15_20
CS15_21
CS15_22
CS15_23
CS15_24
CS15_25
CS15_26
CS15_27
CS15_28
CS15_29
CS15_30
CS16_01
CS16_02
CS16_03
CS16_04
CS16_05
CS16_06
CS16_07
CS16_08
CS16_09
CS16_10
CS16_11
CS16_12
CS16_13
CS16_14
CS16_15
CS16_16
CS16_17
CS16_18
CS16_19
CS16_20
CS16_21
CS16_22
CS16_23
CS16_24
CS16_29
CS16_30
CS17_06
CS17_11
CS17_12
CS17_13
CS17_14
CS17_15
CS17_16
CS17_17
CS17_18
CS17_19
CS17_20
CS18_01
CS18_02
CS18_03
CS18_04
CS18_05
CS18_06
CS18_07
CS18_15
CS18_16
CS18_17
CS18_18
CS18_19
CS18_30
CS19_01
CS19_02
CS19_03
CS19_04
CS19_05
CS19_10
CS19_16
CS19_17
CS19_25
CS19_30
CS20_01
CS20_02
CS20_03
CS20_04
CS20_05
CS20_06
CS20_07
CS20_08
CS20_09
CS20_10
CS20_11
CS20_16
CS20_17
CS20_27
CS20_28
CS20_29
CS20_30
CS21_01
CS21_02
CS21_03
CS21_04
CS21_05
CS21_07
CS21_08
CS21_14
CS21_15
CS21_16
CS21_17
CS21_18
CS21_27
CS21_28
CS22_01
CS22_02
CS22_03
CS22_04
CS22_05
CS22_06
CS22_07
CS22_08
CS22_09
CS22_10
CS22_11
CS22_12
CS22_13
CS22_14
CS22_15
CS22_16
CS22_17
CS22_18
CS22_19
CS22_20
CS22_21
CS22_22
CS22_23
CS22_29
CS22_30
CS23_01
CS23_02
CS23_03
CS23_04
CS23_05
CS23_06
CS23_07
CS23_08
CS23_09
CS23_10
CS23_11
CS23_12
CS23_13
CS23_14
CS23_15
CS23_16
CS23_17
CS23_18
CS23_19
CS23_20
CS23_21
CS23_22
CS23_23
CS23_26
CS23_27
CS23_28
CS23_29
CS23_30
CS24_01
CS24_02
CS24_03
CS24_04
CS24_05
CS24_06
CS24_07
CS24_08
CS24_09
CS24_10
CS24_11
CS24_12
CS24_13
CS24_14
CS24_15
CS24_16
CS24_17
CS24_18
CS24_20
CS24_21
CS24_22
CS24_23
CS24_24
CS24_25
CS24_26
CS24_27
CS24_28
CS24_29
CS24_30
CS25_04
CS25_15
CS25_17
CS25_18
CS25_19
CS25_20
CS25_26
CS25_27
CS25_28
CS25_29
CS25_30
CS26_01
CS26_02
CS26_03
CS26_04
CS26_05
CS26_06
CS26_07
CS26_08
CS26_09
CS26_10
CS26_11
CS26_12
CS26_13
CS26_23
CS26_24
CS26_25
CS26_26
CS26_27
CS26_28
CS26_29
CS26_30
CS27_05
CS27_21
CS27_22
CS27_23
CS27_24
CS27_25
CS27_26
CS27_27
CS27_28
CS27_29
CS27_30
CS28_01
CS28_02
CS28_20
CS28_21
CS28_22
CS28_23
CS28_24
CS28_25
CS28_26
CS28_27
CS28_28
CS28_29
CS28_30
CS29_01
CS29_02
CS29_03
CS29_04
CS29_05
CS29_06
CS29_07
CS29_08
CS29_09
CS29_10
CS29_19
CS29_20
CS29_21
CS29_22
CS29_23
CS29_24
CS29_25
CS29_26
CS29_27
CS29_28
CS29_29
CS29_30
CS30_01
CS30_02
CS30_03
CS30_04
CS30_05
CS30_06
CS30_07
CS30_08
CS30_09
CS30_10
CS30_11
CS30_12
CS30_13
CS30_14
CS30_15
CS30_16
CS30_17
CS30_18
CS30_19
CS30_20
CS30_21
CS30_22
CS30_23
CS30_24
CS30_25
CS30_26
CS30_27
CS30_28
CS30_29
CS30_30
CS31_01
CS31_02
CS31_03
CS31_04
CS31_05
CS31_06
CS31_07
CS31_11
CS31_12
CS31_13
CS31_14
CS31_15
CS31_16
CS31_17
CS31_18
CS31_19
CS31_20
CS31_21
CS31_22
CS31_28
CS31_29
CS31_30
CS32_01
CS32_02
CS32_03
CS32_04
CS32_12
CS32_15
CS32_16
CS32_17
CS32_18
CS32_19
CS32_20
CS32_21
CS32_22
CS32_23
CS32_24
CS32_26
CS32_27
CS32_28
CS33_01
CS33_02
CS33_03
CS33_04
CS33_07
CS33_08
CS33_12
CS33_18
CS33_29
CS33_30
CS34_30
CS35_01
CS35_02
CS35_03
CS35_04
CS35_05
CS35_06
CS35_07
CS35_08
CS35_09
CS35_10
CS35_11
CS35_13
CS35_14
CS35_15
CS35_30
CS36_01
CS36_02
CS36_03
CS36_04
CS36_05
CS36_06
CS36_07
CS36_08
CS36_09
CS36_10
CS36_11
CS36_12
CS36_13
CS36_14
CS36_15
CS36_16
CS36_26
CS36_27
CS36_28
CS36_29
CS36_30
CS37_04
CS37_05
CS37_06
CS37_07
CS37_08
CS37_09
CS37_10
CS37_11
CS37_12
CS37_13
CS37_14
CS37_15
CS37_16
CS37_17
CS37_18
CS37_19
CS37_28
CS37_29
CS37_30
CS38_15
CS38_16
CS38_17
CS38_18
CS38_19
CS38_20
CS38_21
CS38_22
CS38_23
CS38_24
CS38_25
CS38_26
CS38_27
CS38_28
CS38_29
CS38_30
CS40_01
CS40_02
CS40_03
CS40_04
CS40_05
CS40_19
CS40_20
CS40_24
CS41_01
CS41_02
CS41_09
CS41_10
CS41_11
CS41_12
CS41_13
CS41_20
CS41_22
CS41_23
CS41_24
CS41_25
CS41_26
CS41_27
CS41_28
CS41_29
CS41_30
CS42_01
CS42_02
CS42_03
CS42_04
CS42_05
CS42_06
CS42_07
CS42_15
CS42_16
CS42_17
CS42_18
CS42_19
CS42_27
CS42_28
CS42_29
CS42_30
CS43_01
CS43_02
CS43_03
CS43_13
CS43_14
CS43_15
CS43_16
CS43_17
CS43_18
CS43_19
CS43_20
CS43_21
CS43_22
CS43_23
CS43_24
CS43_25
CS43_28
CS43_29
CS43_30
CS44_01
CS44_02
CS44_03
CS44_04
CS44_05
CS44_06
CS44_07
CS44_08
CS44_09
CS44_10
CS44_11
CS44_12
CS44_17
CS44_18
CS44_19
CS44_23
CS44_24
CS44_25
CS44_30
CS45_01
CS45_02
CS45_03
CS45_04
CS45_05
CS45_06
CS45_07
CS45_08
CS45_09
CS45_10
CS45_11
CS45_21
CS45_22
CS45_23
CS45_24
CS45_25
CS45_26
CS45_29
CS45_30
CS46_24
CS47_01
CS47_02
CS47_03
CS47_04
CS47_05
CS47_06
CS47_07
CS47_08
CS47_09
CS47_10
CS47_11
CS47_12
CS47_13
CS47_14
CS47_15
CS47_16
CS47_17
CS47_18
CS47_19
CS47_20
CS47_21
CS47_22
CS47_23
CS47_24
CS47_25
CS47_26
CS47_27
CS47_28
CS47_29
CS47_30
CS48_01
CS48_02
CS48_03
CS48_04
CS48_07
CS48_08
CS48_09
CS48_16
CS48_17
CS48_21
CS48_22
CS49_01
CS49_02
CS49_03
CS49_04
CS49_05
CS49_06
CS49_07
CS49_08
CS49_09
CS49_10
CS49_11
CS49_12
CS49_13
CS49_14
CS49_15
CS49_16
CS49_17
CS49_18
CS49_19
CS49_27
CS49_28
CS49_29
CS49_30
CS50_07
CS50_08
CS50_09
CS50_12
CS50_13
CS50_14
CS50_15
CS50_21
CS50_22
CS50_23
CS50_24
CS50_25
CS50_26
CS50_27
CS50_28
CS50_29
CS50_30
HA01_01
HA01_02
HA01_03
HA01_04
HA01_05
HA01_06
HA01_07
HA01_08
HA01_09
HA01_10
HA01_11
HA01_12
HA01_13
HA01_14
HA01_15
HA01_16
HA01_17
HA01_18
HA01_19
HA01_20
HA01_22
HA02_01
HA02_02
HA02_03
HA02_04
HA02_05
HA02_06
HA02_07
HA02_08
HA02_09
HA02_10
HA02_11
HA02_12
HA02_13
HA02_14
HA02_15
HA02_16
HA02_17
HA02_18
HA02_19
HA02_20
HA02_21
HA02_22
HA02_23
HA02_24
HA02_25
HA02_26
HA02_27
HA02_28
HA02_29
HA02_30
HA03_01
HA03_02
HA03_03
HA03_04
HA03_05
HA03_06
HA03_07
HA03_08
HA03_12
HA03_13
HA03_14
HA03_15
HA03_16
HA03_17
HA03_18
HA04_01
HA04_02
HA04_03
HA04_04
HA04_05
HA04_06
HA04_07
HA04_08
HA04_09
HA04_10
HA04_11
HA04_12
HA04_13
HA04_14
HA04_15
HA04_16
HA04_17
HA04_18
HA04_19
HA04_20
HA04_21
HA04_22
HA04_23
HA04_24
HA04_25
HA04_26
HA04_27
HA04_28
HA04_29
HA04_30
HA05_01
HA05_02
HA05_03
HA05_04
HA05_05
HA05_06
HA05_07
HA05_10
HA05_11
HA05_12
HA05_13
HA06_01
HA06_02
HA06_03
HA06_04
HA06_05
HA06_06
HA06_07
HA06_08
HA06_09
HA06_10
HA06_11
HA06_12
HA06_13
HA06_14
HA06_15
HA06_16
HA06_17
HA06_18
HA06_19
HA06_20
HA06_21
HA06_22
HA06_23
HA06_24
HA06_25
HA06_26
HA06_27
HA06_28
HA06_29
HA06_30
HA07_01
HA07_02
HA07_03
HA07_04
HA07_05
HA07_06
HA07_07
HA07_08
HA07_09
HA07_10
HA07_11
HA07_12
HA07_13
HA07_14
HA07_15
HA07_17
HA07_18
HA07_19
HA07_20
HA07_21
HA07_22
HA07_23
HA07_24
HA07_25
HA07_26
HA07_27
HA07_28
HA07_29
HA07_30
HA08_01
HA08_02
HA08_03
HA08_04
HA08_05
HA08_06
HA08_07
HA08_08
HA08_09
HA08_10
HA08_11
HA08_12
HA08_13
HA08_14
HA08_15
HA08_16
HA08_17
HA08_18
HA08_19
HA08_20
HA08_21
HA08_22
HA08_23
HA08_24
HA08_25
HA08_26
HA08_27
HA08_28
HA08_29
HA08_30
HA09_01
HA09_02
HA09_03
HA09_04
HA09_05
HA09_06
HA09_07
HA09_08
HA10_01
HA10_02
HA10_03
HA10_04
HA10_05
HA10_06
HA10_07
HA10_08
HA10_09
HA10_10
HA10_11
HA10_12
HA10_13
HA10_16
HA10_17
HA10_18
HA10_19
HA10_20
HA10_21
HA10_22
HA10_23
HA10_24
HA10_25
HA10_26
HA10_27
HA10_28
HA10_29
HA10_30
HA11_06
HA11_07
HA11_08
HA11_09
HA11_10
HA11_11
HA11_12
HA11_13
HA11_14
HA11_15
HA11_16
HA11_17
HA11_18
HA11_19
HA11_20
HA11_21
HA11_22
HA11_23
HA11_24
HA11_25
HA11_26
HA11_29
HA11_30
HA12_18
HA12_19
HA12_20
HA12_21
HA12_22
HA12_23
HA12_24
HA12_25
HA12_26
HA12_27
HA12_28
HA12_29
HA12_30
HA13_01
HA13_02
HA13_03
HA13_04
HA13_11
HA13_12
HA13_13
HA13_14
HA13_15
HA13_16
HA13_17
HA13_18
HA13_19
HA13_20
HA13_21
HA13_22
HA13_23
HA13_24
HA13_25
HA13_26
HA14_01
HA14_02
HA14_03
HA14_04
HA14_05
HA14_06
HA14_07
HA14_08
HA14_09
HA14_10
HA14_11
HA14_12
HA14_15
HA14_16
HA14_17
HA14_18
HA14_19
HA14_20
HA14_21
HA14_22
HA14_23
HA14_24
HA14_25
HA14_26
HA14_27
HA14_28
HA14_29
HA14_30
HA15_01
HA15_02
HA15_03
HA15_04
HA15_05
HA15_06
HA15_07
HA15_08
HA15_09
HA15_10
HA15_11
HA15_12
HA15_13
HA15_14
HA15_15
HA15_16
HA15_17
HA15_18
HA15_19
HA15_20
HA15_21
HA15_22
HA15_23
HA15_24
HA15_25
HA15_26
HA15_27
HA15_28
HA15_29
HA15_30
HA16_01
HA16_02
HA16_03
HA16_04
HA16_05
HA16_06
HA16_07
HA16_08
HA16_09
HA16_10
HA16_11
HA16_12
HA16_13
HA16_14
HA16_15
HA16_16
HA16_17
HA16_18
HA16_19
HA16_20
HA16_21
HA16_22
HA16_23
HA16_24
HA16_25
HA16_26
HA16_27
HA16_28
HA16_29
HA16_30
HA17_01
HA17_02
HA17_03
HA17_04
HA17_05
HA17_06
HA17_07
HA17_08
HA17_09
HA17_10
HA17_11
HA17_12
HA17_13
HA17_14
HA17_15
HA17_16
HA17_17
HA17_18
HA17_19
HA17_20
HA17_21
HA17_22
HA17_23
HA17_24
HA17_25
HA17_26
HA17_27
HA17_28
HA17_29
HA17_30
HA18_01
HA18_02
HA18_03
HA18_04
HA18_05
HA18_06
HA18_07
HA18_08
HA18_09
HA18_10
HA18_11
HA18_12
HA18_13
HA18_14
HA18_15
HA18_16
HA18_17
HA18_18
HA18_19
HA18_30
HA19_01
HA19_02
HA19_03
HA19_04
HA19_05
HA19_06
HA19_07
HA19_08
HA19_09
HA19_10
HA19_11
HA19_12
HA19_13
HA19_14
HA19_15
HA19_16
HA19_17
HA19_18
HA19_19
HA19_20
HA19_21
HA19_22
HA19_23
HA19_24
HA19_25
HA19_26
HA19_27
HA19_28
HA19_29
HA19_30
HA20_01
HA20_02
HA20_03
HA20_04
HA20_05
HA20_06
HA20_07
HA20_08
HA20_09
HA20_10
HA20_16
HA20_26
HA20_27
HA20_28
HA21_19
HA21_20
HA21_21
HA21_22
HA21_23
HA21_24
HA21_25
HA21_26
HA21_27
HA22_01
HA22_02
HA22_03
HA22_04
HA22_05
HA22_06
HA22_07
HA22_08
HA22_09
HA22_10
HA22_11
HA22_12
HA22_13
HA22_14
HA22_15
HA22_16
HA22_17
HA22_18
HA22_19
HA22_20
HA22_21
HA22_22
HA22_23
HA22_24
HA22_25
HA22_26
HA22_27
HA22_28
HA22_29
HA22_30
HA23_01
HA23_02
HA23_03
HA23_04
HA23_05
HA23_06
HA23_07
HA23_08
HA23_09
HA23_10
HA23_11
HA23_12
HA23_13
HA23_14
HA23_15
HA23_16
HA23_17
HA23_18
HA23_19
HA23_20
HA23_21
HA23_22
HA23_23
HA23_24
HA23_25
HA23_26
HA23_27
HA23_28
HA23_29
HA23_30
HA24_01
HA24_02
HA24_12
HA24_13
HA24_14
HA24_15
HA24_16
HA24_17
HA24_18
HA24_19
HA25_01
HA25_02
HA25_03
HA25_04
HA25_05
HA25_06
HA25_07
HA25_08
HA25_09
HA25_10
HA25_11
HA25_12
HA25_13
HA25_14
HA25_15
HA25_16
HA25_17
HA25_18
HA25_19
HA25_20
HA25_21
HA25_27
HA25_28
HA25_29
HA25_30
HA26_01
HA26_02
HA26_03
HA26_04
HA26_05
HA26_06
HA26_07
HA26_08
HA26_09
HA26_10
HA26_11
HA26_12
HA26_13
HA26_14
HA26_15
HA26_16
HA26_17
HA26_18
HA26_19
HA26_20
HA26_21
HA26_22
HA26_23
HA26_24
HA26_25
HA26_26
HA26_27
HA26_28
HA26_29
HA26_30
HA27_01
HA27_02
HA27_03
HA27_04
HA27_05
HA27_06
HA27_07
HA27_08
HA27_09
HA27_10
HA27_11
HA27_12
HA27_13
HA27_14
HA27_15
HA27_16
HA27_17
HA27_18
HA27_19
HA27_20
HA27_21
HA27_22
HA27_23
HA27_25
HA27_26
HA27_27
HA27_28
HA27_29
HA27_30
HA28_01
HA28_02
HA28_03
HA28_04
HA28_05
HA28_06
HA28_07
HA28_08
HA28_09
HA28_10
HA28_11
HA28_12
HA28_13
HA28_14
HA28_15
HA28_16
HA28_17
HA28_18
HA28_19
HA28_20
HA28_21
HA28_22
HA28_23
HA28_24
HA28_25
HA28_26
HA28_27
HA28_28
HA28_29
HA28_30
HA29_01
HA29_02
HA29_03
HA29_04
HA29_05
HA29_06
HA29_07
HA29_08
HA29_09
HA29_10
HA29_11
HA29_12
HA29_13
HA29_14
HA29_15
HA29_16
HA29_17
HA29_18
HA29_19
HA29_20
HA29_21
HA29_22
HA29_23
HA29_24
HA29_25
HA29_26
HA29_27
HA29_28
HA29_29
HA29_30
HA30_01
HA30_02
HA30_03
HA30_04
HA30_05
HA30_06
HA30_07
HA30_08
HA30_09
HA30_10
HA30_11
HA30_12
HA30_13
HA30_14
HA31_01
HA31_02
HA31_03
HA31_04
HA31_05
HA31_06
HA31_07
HA31_08
HA31_09
HA31_10
HA31_11
HA31_12
HA31_13
HA31_14
HA31_15
HA31_16
HA31_17
HA31_18
HA31_19
HA31_20
HA31_21
HA31_22
HA31_23
HA31_24
HA31_25
HA31_26
HA31_27
HA31_28
HA31_29
HA31_30
HA32_01
HA32_02
HA32_03
HA32_04
HA32_05
HA32_06
HA32_07
HA32_08
HA32_09
HA32_10
HA32_11
HA32_12
HA32_13
HA32_14
HA32_15
HA32_16
HA32_17
HA32_18
HA32_19
HA32_20
HA32_21
HA32_22
HA32_23
HA32_24
HA32_25
HA32_26
HA32_27
HA32_28
HA32_29
HA32_30
HA33_01
HA33_02
HA33_03
HA33_04
HA33_05
HA33_06
HA33_07
HA33_08
HA33_09
HA33_10
HA33_11
HA33_12
HA33_13
HA33_14
HA33_15
HA33_16
HA33_17
HA33_18
HA33_19
HA33_20
HA33_21
HA33_22
HA33_23
HA33_24
HA33_25
HA33_26
HA33_27
HA33_28
HA33_29
HA33_30
HA34_01
HA34_02
HA34_03
HA34_04
HA34_05
HA34_06
HA34_07
HA34_08
HA34_09
HA34_10
HA34_11
HA34_12
HA34_13
HA34_14
HA34_15
HA34_16
HA34_17
HA34_18
HA34_19
HA34_20
HA34_21
HA34_22
HA34_23
HA34_24
HA34_25
HA34_26
HA34_27
HA34_28
HA34_29
HA34_30
HA35_27
HA36_01
HA36_02
HA36_03
HA36_04
HA36_05
HA36_06
HA36_07
HA36_08
HA36_09
HA36_10
HA36_11
HA36_12
HA36_13
HA36_14
HA36_15
HA36_16
HA36_17
HA36_18
HA36_19
HA36_20
HA36_21
HA36_22
HA36_23
HA36_24
HA36_25
HA36_26
HA36_27
HA36_28
HA36_29
HA36_30
HA37_01
HA37_02
HA37_03
HA37_04
HA37_05
HA37_06
HA37_07
HA37_08
HA37_09
HA37_13
HA37_14
HA37_15
HA37_16
HA37_17
HA37_18
HA37_19
HA37_20
HA37_21
HA37_22
HA37_23
HA37_24
HA37_25
HA37_26
HA37_27
HA37_28
HA37_29
HA37_30
HA38_01
HA38_02
HA38_03
HA38_06
HA38_07
HA38_08
HA38_09
HA38_10
HA38_11
HA38_12
HA38_13
HA38_14
HA38_15
HA38_16
HA38_17
HA38_18
HA38_19
HA38_20
HA38_21
HA38_22
HA38_23
HA38_24
HA38_25
HA38_26
HA39_01
HA39_02
HA39_03
HA39_05
HA39_06
HA39_07
HA39_26
HA39_27
HA39_28
HA39_29
HA39_30
HA40_04
HA40_05
HA40_06
HA40_07
HA40_08
HA40_09
HA40_10
HA40_11
HA40_12
HA40_13
HA40_14
HA40_15
HA40_16
HA40_17
HA40_18
HA40_19
HA40_20
HA40_21
HA40_22
HA40_23
HA40_24
HA40_25
HA40_28
HA40_29
HA40_30
HA41_01
HA41_02
HA41_03
HA41_07
HA41_10
HA41_11
HA41_12
HA41_13
HA41_14
HA41_15
HA41_16
HA41_17
HA41_18
HA41_19
HA41_20
HA41_21
HA41_22
HA41_23
HA41_24
HA41_25
HA41_26
HA41_27
HA41_28
HA41_29
HA41_30
HA42_01
HA42_02
HA42_03
HA42_04
HA42_05
HA42_06
HA42_07
HA42_08
HA42_09
HA42_10
HA42_11
HA42_12
HA42_13
HA42_14
HA42_15
HA42_16
HA42_17
HA42_18
HA42_19
HA42_20
HA42_21
HA42_22
HA42_23
HA42_24
HA42_30
HA43_01
HA43_02
HA43_03
HA43_04
HA43_05
HA43_06
HA43_07
HA43_08
HA43_09
HA43_10
HA43_11
HA43_12
HA43_13
HA43_14
HA43_15
HA43_16
HA43_17
HA43_18
HA43_19
HA43_20
HA43_21
HA43_22
HA43_23
HA43_24
HA43_25
HA43_26
HA43_27
HA43_28
HA43_29
HA43_30
HA44_01
HA44_02
HA44_03
HA44_04
HA44_05
HA44_06
HA44_07
HA44_08
HA44_09
HA44_10
HA44_11
HA44_12
HA44_13
HA44_14
HA44_15
HA44_16
HA44_19
HA44_20
HA44_21
HA44_22
HA44_23
HA44_24
HA44_25
HA44_26
HA44_27
HA44_28
HA44_29
HA44_30
HA45_01
HA45_02
HA45_03
HA45_04
HA45_05
HA45_06
HA45_07
HA45_08
HA45_09
HA45_10
HA45_11
HA45_12
HA45_13
HA45_14
HA45_15
HA45_16
HA45_17
HA45_18
HA45_19
HA45_22
HA45_23
HA45_24
HA45_25
HA45_26
HA45_27
HA45_28
HA45_29
HA45_30
HA46_01
HA46_02
HA46_03
HA46_09
HA46_10
HA46_11
HA46_12
HA46_13
HA46_14
HA46_15
HA46_16
HA46_17
HA46_25
HA46_26
HA46_27
HA46_28
HA46_29
HA46_30
HA47_01
HA47_02
HA47_03
HA47_04
HA47_05
HA47_06
HA47_07
HA47_08
HA47_09
HA47_10
HA47_11
HA47_12
HA47_13
HA47_14
HA47_15
HA47_16
HA47_17
HA47_18
HA47_19
HA47_21
HA47_22
HA47_23
HA47_24
HA47_25
HA47_26
HA47_27
HA47_28
HA47_29
HA47_30
HA48_01
HA48_02
HA48_03
HA48_04
HA48_05
HA48_06
HA48_18
HA48_19
HA48_20
HA48_21
HA48_22
HA48_23
HA48_24
HA48_25
HA48_26
HA48_27
HA48_28
HA48_29
HA48_30
HA49_01
HA49_02
HA49_03
HA49_04
HA49_05
HA49_06
HA49_07
HA49_08
HA49_09
HA49_10
HA49_11
HA49_12
HA49_13
HA49_14
HA49_15
HA49_16
HA49_17
HA49_18
HA49_19
HA49_20
HA49_21
HA49_22
HA49_23
HA49_24
HA49_25
HA49_26
HA49_27
HA49_28
HA49_29
HA49_30
HA50_01
HA50_02
HA50_03
HA50_04
HA50_05
HA50_06
HA50_07
HA50_08
HA50_09
HA50_10
HA50_11
HA50_17
HA50_18
HA50_19
HA50_20
HA50_21
HA50_22
HA50_23
HA50_24
HA50_25
HA50_26
HA50_27
HA50_28
HA50_29
HA50_30
HS01_01
HS01_02
HS01_03
HS01_04
HS01_05
HS01_06
HS01_07
HS01_17
HS01_18
HS01_19
HS01_20
HS01_21
HS01_22
HS01_23
HS01_24
HS01_25
HS01_26
HS01_27
HS01_28
HS01_29
HS01_30
HS02_01
HS02_02
HS02_03
HS02_04
HS02_05
HS02_06
HS02_07
HS02_08
HS02_09
HS02_10
HS02_11
HS02_12
HS02_13
HS02_14
HS02_15
HS02_16
HS02_17
HS02_18
HS02_19
HS02_20
HS02_21
HS02_29
HS02_30
HS03_01
HS03_02
HS03_03
HS03_04
HS03_05
HS03_06
HS03_07
HS03_08
HS03_09
HS03_10
HS03_11
HS03_12
HS03_13
HS03_14
HS03_15
HS03_16
HS03_17
HS03_18
HS03_19
HS03_20
HS03_21
HS03_22
HS03_23
HS03_24
HS03_25
HS03_26
HS03_27
HS03_28
HS03_29
HS03_30
HS04_01
HS04_02
HS04_03
HS04_04
HS04_17
HS04_18
HS04_19
HS04_20
HS04_25
HS04_26
HS04_27
HS04_28
HS04_29
HS05_02
HS05_03
HS05_04
HS05_05
HS05_06
HS05_07
HS05_08
HS05_09
HS05_10
HS05_11
HS05_12
HS05_13
HS05_14
HS05_15
HS05_16
HS05_17
HS05_18
HS05_19
HS05_20
HS05_21
HS05_22
HS05_23
HS05_24
HS05_25
HS05_26
HS05_27
HS05_28
HS05_29
HS05_30
HS06_07
HS06_08
HS06_09
HS06_20
HS06_21
HS06_22
HS06_23
HS06_24
HS06_25
HS06_27
HS06_28
HS06_29
HS06_30
HS07_01
HS07_02
HS07_03
HS07_04
HS07_05
HS07_06
HS07_07
HS07_08
HS07_11
HS07_12
HS07_13
HS07_14
HS07_15
HS07_16
HS07_17
HS07_18
HS07_19
HS07_20
HS07_21
HS07_22
HS07_23
HS07_24
HS07_25
HS07_26
HS07_27
HS07_28
HS08_16
HS08_17
HS08_18
HS08_19
HS08_20
HS08_21
HS08_22
HS08_23
HS09_01
HS09_02
HS09_03
HS09_04
HS09_05
HS09_06
HS09_07
HS09_08
HS09_09
HS09_10
HS09_11
HS09_12
HS09_13
HS09_14
HS10_04
HS10_05
HS10_06
HS10_07
HS10_08
HS10_10
HS10_11
HS10_12
HS10_13
HS10_14
HS10_15
HS10_16
HS10_17
HS10_18
HS10_20
HS10_21
HS10_22
HS10_23
HS10_24
HS10_25
HS10_30
HS11_18
HS11_19
HS12_01
HS12_02
HS12_03
HS12_04
HS12_05
HS12_06
HS12_07
HS12_08
HS12_09
HS12_13
HS12_14
HS12_15
HS12_16
HS12_17
HS12_18
HS12_19
HS12_20
HS12_21
HS12_22
HS12_23
HS12_24
HS12_25
HS12_26
HS12_27
HS12_28
HS12_29
HS12_30
HS13_01
HS13_02
HS13_03
HS13_04
HS13_05
HS13_06
HS13_07
HS13_08
HS13_09
HS13_10
HS13_11
HS13_12
HS13_13
HS13_14
HS13_15
HS13_16
HS13_17
HS13_18
HS13_19
HS13_20
HS13_21
HS13_22
HS13_23
HS13_24
HS13_25
HS13_26
HS13_27
HS13_28
HS14_01
HS14_02
HS14_03
HS14_04
HS14_05
HS14_06
HS14_07
HS14_08
HS14_09
HS14_10
HS14_11
HS14_12
HS14_13
HS14_14
HS14_15
HS14_16
HS14_17
HS14_18
HS14_19
HS14_20
HS14_21
HS14_22
HS14_23
HS14_24
HS14_25
HS14_26
HS14_27
HS15_04
HS15_05
HS15_06
HS15_07
HS15_08
HS15_09
HS15_10
HS15_11
HS15_12
HS15_13
HS15_16
HS15_17
HS15_21
HS15_22
HS15_23
HS15_24
HS15_25
HS15_26
HS15_28
HS16_09
HS16_10
HS16_11
HS16_12
HS16_13
HS16_16
HS16_17
HS16_18
HS16_27
HS16_28
HS16_29
HS17_08
HS17_09
HS17_10
HS17_11
HS18_29
HS18_30
HS19_01
HS19_02
HS19_03
HS19_04
HS19_05
HS19_06
HS19_07
HS19_08
HS19_09
HS19_10
HS19_11
HS19_12
HS19_25
HS19_27
HS19_29
HS19_30
HS20_01
HS20_02
HS20_03
HS20_04
HS20_05
HS20_06
HS20_07
HS20_08
HS20_09
HS20_10
HS20_11
HS20_12
HS20_13
HS20_22
HS20_23
HS20_24
HS20_25
HS20_26
HS20_27
HS20_28
HS20_29
HS21_01
HS21_02
HS21_03
HS21_04
HS21_05
HS21_06
HS21_07
HS21_08
HS21_09
HS21_10
HS21_11
HS21_12
HS21_13
HS21_14
HS21_15
HS21_16
HS22_01
HS22_02
HS22_03
HS22_04
HS22_05
HS22_06
HS22_07
HS22_08
HS22_09
HS22_10
HS22_11
HS22_12
HS22_13
HS22_14
HS22_15
HS22_16
HS22_17
HS22_18
HS22_19
HS22_24
HS22_25
HS22_26
HS22_27
HS22_28
HS22_29
HS23_01
HS23_02
HS23_03
HS23_04
HS23_05
HS23_09
HS23_10
HS23_11
HS23_12
HS23_13
HS23_14
HS23_15
HS23_16
HS23_17
HS23_18
HS23_19
HS23_20
HS23_21
HS23_22
HS23_23
HS23_24
HS23_25
HS23_26
HS24_01
HS24_02
HS24_03
HS24_04
HS24_05
HS24_06
HS24_07
HS24_08
HS24_09
HS24_10
HS24_11
HS24_12
HS24_13
HS24_14
HS24_15
HS24_16
HS24_17
HS24_18
HS24_19
HS24_20
HS24_21
HS24_22
HS24_25
HS24_26
HS24_27
HS24_28
HS24_29
HS24_30
HS25_05
HS25_06
HS25_07
HS25_08
HS25_11
HS25_12
HS25_19
HS25_20
HS25_21
HS25_22
HS25_23
HS25_24
HS25_25
HS25_26
HS25_27
HS25_28
HS25_29
HS25_30
HS26_01
HS26_02
HS26_03
HS26_04
HS26_05
HS26_06
HS26_07
HS26_08
HS26_09
HS26_10
HS26_11
HS26_12
HS26_13
HS26_14
HS26_17
HS26_18
HS26_19
HS26_20
HS26_21
HS26_22
HS26_23
HS26_24
HS26_25
HS26_26
HS26_27
HS26_28
HS26_29
HS26_30
HS27_01
HS27_02
HS27_03
HS27_10
HS27_11
HS27_28
HS27_29
HS28_01
HS28_02
HS28_03
HS28_13
HS28_21
HS28_28
HS28_29
HS28_30
HS29_15
HS29_16
HS29_17
HS29_18
HS29_19
HS29_20
HS29_21
HS29_22
HS29_23
HS29_24
HS29_25
HS29_26
HS29_27
HS29_28
HS29_29
HS29_30
HS30_07
HS30_08
HS30_09
HS30_10
HS30_11
HS30_12
HS30_13
HS30_14
HS30_15
HS30_17
HS30_18
HS30_19
HS30_20
HS30_21
HS30_22
HS30_23
HS30_24
HS30_25
HS30_26
HS30_27
HS31_01
HS31_02
HS31_03
HS31_04
HS31_05
HS31_06
HS31_07
HS31_08
HS31_09
HS31_11
HS31_12
HS31_13
HS31_22
HS31_23
HS31_24
HS31_25
HS31_26
HS31_27
HS31_28
HS31_29
HS31_30
HS32_01
HS32_02
HS32_03
HS32_09
HS32_10
HS32_14
HS32_22
HS32_23
HS32_24
HS32_25
HS32_29
HS32_30
HS33_01
HS33_02
HS33_03
HS33_04
HS33_05
HS33_06
HS33_07
HS33_08
HS33_09
HS33_10
HS33_11
HS33_12
HS33_13
HS33_14
HS33_15
HS33_16
HS33_17
HS33_18
HS33_19
HS33_20
HS33_22
HS33_23
HS33_24
HS33_25
HS33_26
HS33_27
HS33_28
HS33_29
HS33_30
HS34_04
HS34_05
HS34_14
HS34_15
HS36_06
HS36_07
HS36_08
HS36_13
HS36_14
HS36_15
HS37_01
HS37_02
HS37_03
HS37_04
HS37_07
HS37_14
HS37_15
HS37_16
HS37_17
HS37_18
HS37_19
HS37_20
HS37_21
HS37_22
HS37_23
HS37_24
HS37_25
HS37_26
HS37_27
HS37_28
HS37_29
HS37_30
HS38_01
HS38_02
HS38_03
HS38_04
HS38_05
HS38_06
HS38_07
HS38_08
HS38_09
HS38_10
HS38_11
HS38_12
HS38_13
HS38_14
HS38_15
HS38_16
HS38_17
HS38_18
HS38_19
HS38_20
HS38_21
HS38_22
HS38_23
HS38_24
HS38_25
HS38_26
HS38_27
HS38_28
HS38_29
HS38_30
HS39_01
HS39_02
HS39_03
HS39_04
HS39_05
HS39_06
HS39_07
HS39_08
HS39_20
HS40_01
HS40_02
HS40_03
HS40_04
HS40_05
HS40_06
HS40_07
HS40_08
HS40_09
HS40_10
HS40_11
HS40_12
HS40_13
HS40_14
HS40_15
HS40_16
HS40_17
HS40_18
HS40_19
HS40_20
HS40_21
HS40_22
HS40_23
HS40_24
HS40_25
HS40_26
HS41_01
HS41_02
HS41_03
HS41_04
HS41_05
HS41_06
HS41_07
HS41_08
HS41_16
HS41_20
HS41_21
HS41_22
HS41_23
HS41_29
HS41_30
HS42_01
HS42_02
HS42_03
HS42_04
HS42_05
HS42_14
HS42_15
HS42_16
HS42_17
HS42_18
HS42_19
HS42_21
HS42_22
HS42_24
HS43_01
HS43_02
HS43_03
HS43_04
HS43_05
HS43_08
HS43_09
HS43_10
HS43_11
HS43_12
HS43_13
HS43_14
HS43_15
HS43_16
HS43_17
HS43_18
HS43_19
HS43_20
HS43_21
HS43_22
HS43_23
HS43_24
HS43_25
HS43_26
HS44_01
HS44_02
HS44_03
HS44_04
HS44_05
HS44_06
HS44_07
HS44_08
HS44_09
HS44_10
HS44_11
HS44_12
HS44_13
HS44_14
HS44_15
HS44_16
HS44_17
HS44_18
HS44_19
HS44_20
HS44_21
HS44_22
HS44_23
HS44_24
HS44_25
HS44_26
HS44_27
HS44_28
HS44_29
HS44_30
HS46_24
HS46_25
HS46_26
HS46_27
HS46_28
HS46_29
HS47_01
HS47_02
HS47_03
HS47_04
HS47_05
HS47_06
HS47_07
HS47_14
HS47_15
HS47_16
HS47_17
HS47_18
HS48_01
HS48_02
HS48_03
HS48_04
HS48_06
HS48_07
HS48_08
HS48_09
HS48_10
HS48_11
HS48_12
HS48_13
HS48_14
HS48_15
HS48_16
HS48_24
HS48_25
HS48_26
HS48_27
HS48_28
HS48_29
HS48_30
HS49_01
HS49_02
HS49_03
HS49_04
HS49_05
HS49_06
HS49_07
HS49_08
HS49_09
HS49_10
HS49_11
HS49_12
HS49_13
HS49_14
HS49_15
HS49_16
HS49_17
HS49_18
HS49_19
HS49_20
HS49_21
HS49_22
HS49_23
HS49_24
HS49_25
HS49_26
HS49_27
HS49_28
HS49_29
HS49_30
HS50_01
HS50_02
HS50_03
HS50_04
HS50_10
HS50_11
HS50_12
HS50_13
HS50_14
HS50_15
HS50_16
HS50_17
HS50_18
HS50_19
HS50_20
HS50_21
HS50_22
HS50_23
HS50_24
HS50_25
HS50_26
HS50_27
HS50_28
HS50_29
HS50_30
KA01_01
KA01_02
KA01_03
KA01_04
KA01_05
KA01_06
KA01_07
KA01_08
KA01_09
KA01_10
KA01_11
KA01_12
KA01_13
KA01_14
KA01_15
KA01_16
KA01_17
KA01_18
KA01_19
KA01_20
KA01_21
KA01_22
KA01_23
KA01_24
KA01_25
KA01_26
KA01_27
KA01_28
KA01_29
KA01_30
KA02_04
KA02_05
KA02_06
KA02_07
KA02_08
KA02_09
KA02_10
KA02_11
KA02_12
KA02_13
KA02_14
KA02_15
KA02_16
KA02_17
KA02_18
KA02_19
KA02_20
KA02_21
KA02_22
KA02_23
KA02_24
KA02_25
KA02_26
KA02_28
KA02_29
KA02_30
KA03_01
KA03_02
KA03_03
KA03_04
KA03_05
KA03_06
KA03_07
KA03_08
KA03_09
KA03_10
KA03_11
KA03_12
KA03_13
KA03_14
KA03_15
KA03_16
KA03_17
KA03_18
KA03_19
KA03_20
KA03_21
KA03_22
KA03_23
KA03_24
KA03_25
KA03_26
KA03_27
KA03_28
KA03_29
KA03_30
KA04_01
KA04_02
KA04_03
KA04_04
KA04_05
KA04_06
KA04_07
KA04_08
KA04_09
KA04_10
KA04_11
KA04_12
KA04_13
KA04_14
KA04_15
KA04_16
KA04_17
KA04_18
KA04_19
KA04_20
KA04_21
KA04_22
KA04_23
KA04_24
KA04_25
KA04_26
KA04_27
KA04_28
KA04_29
KA04_30
KA05_01
KA05_02
KA05_03
KA05_04
KA05_05
KA05_06
KA05_07
KA05_08
KA05_09
KA05_10
KA05_11
KA05_12
KA05_13
KA05_14
KA05_15
KA05_16
KA05_17
KA05_18
KA05_19
KA05_20
KA05_28
KA05_29
KA05_30
KA06_06
KA06_07
KA06_08
KA06_09
KA06_10
KA06_11
KA06_12
KA06_13
KA06_14
KA06_15
KA06_16
KA06_17
KA06_18
KA06_19
KA06_20
KA06_21
KA06_22
KA06_23
KA06_24
KA06_25
KA06_26
KA06_27
KA06_28
KA06_29
KA06_30
KA07_01
KA07_02
KA07_03
KA07_04
KA07_05
KA07_06
KA07_07
KA07_08
KA07_10
KA07_11
KA07_12
KA07_13
KA07_14
KA07_15
KA07_16
KA07_17
KA07_18
KA07_19
KA07_20
KA07_21
KA07_22
KA07_23
KA07_24
KA07_25
KA07_26
KA07_27
KA07_28
KA07_29
KA07_30
KA08_05
KA08_06
KA08_07
KA08_08
KA08_09
KA08_10
KA08_11
KA08_12
KA08_13
KA08_14
KA08_15
KA08_16
KA08_17
KA08_18
KA08_19
KA08_20
KA08_21
KA08_22
KA08_23
KA08_24
KA08_25
KA08_26
KA08_27
KA08_28
KA08_29
KA08_30
KA09_01
KA09_02
KA09_03
KA09_04
KA09_05
KA09_06
KA09_07
KA09_08
KA09_09
KA09_10
KA09_11
KA09_12
KA09_13
KA09_14
KA09_15
KA09_16
KA09_17
KA09_18
KA09_19
KA09_20
KA09_21
KA09_22
KA09_23
KA09_24
KA09_25
KA09_26
KA09_27
KA09_28
KA09_29
KA09_30
KA10_01
KA10_02
KA10_03
KA10_04
KA10_05
KA10_06
KA10_07
KA10_08
KA10_09
KA10_10
KA10_11
KA10_12
KA10_13
KA10_14
KA10_15
KA10_16
KA10_17
KA10_18
KA10_19
KA10_20
KA10_21
KA10_22
KA10_23
KA10_24
KA10_25
KA10_26
KA10_27
KA10_28
KA10_29
KA10_30
KA11_01
KA11_02
KA11_03
KA11_04
KA11_05
KA11_06
KA11_07
KA11_08
KA11_09
KA11_10
KA11_11
KA11_12
KA11_13
KA11_14
KA11_15
KA11_16
KA11_17
KA11_18
KA11_19
KA11_20
KA11_21
KA11_22
KA11_23
KA11_24
KA11_25
KA11_26
KA11_27
KA11_28
KA11_29
KA11_30
KA12_01
KA12_02
KA12_03
KA12_04
KA12_05
KA12_06
KA12_07
KA12_08
KA12_09
KA12_10
KA12_11
KA12_12
KA12_13
KA12_14
KA12_15
KA12_16
KA12_17
KA12_18
KA12_19
KA12_20
KA12_21
KA12_22
KA12_23
KA12_24
KA12_25
KA12_26
KA12_27
KA12_28
KA12_29
KA12_30
KA13_01
KA13_02
KA13_03
KA13_04
KA13_05
KA13_06
KA13_07
KA13_08
KA13_09
KA13_10
KA13_11
KA13_12
KA13_13
KA13_14
KA13_15
KA13_16
KA13_17
KA13_18
KA13_19
KA13_20
KA13_21
KA13_22
KA13_23
KA13_24
KA13_25
KA13_26
KA13_27
KA13_28
KA13_29
KA13_30
KA14_01
KA14_02
KA14_03
KA14_04
KA14_05
KA14_06
KA14_07
KA14_08
KA14_09
KA14_10
KA14_11
KA14_12
KA14_13
KA14_14
KA14_15
KA14_16
KA14_17
KA14_18
KA14_19
KA14_20
KA14_21
KA14_22
KA14_23
KA14_24
KA14_25
KA14_26
KA14_27
KA14_28
KA14_29
KA14_30
KA15_06
KA15_11
KA15_12
KA15_13
KA15_14
KA15_15
KA15_16
KA15_17
KA15_18
KA15_19
KA15_20
KA15_21
KA15_22
KA15_23
KA15_24
KA15_25
KA15_26
KA15_27
KA15_28
KA15_29
KA15_30
KA16_01
KA16_02
KA16_03
KA16_04
KA16_05
KA16_06
KA16_07
KA16_08
KA16_09
KA16_10
KA16_11
KA16_12
KA16_13
KA16_15
KA16_16
KA16_17
KA16_18
KA16_19
KA16_20
KA16_21
KA16_22
KA16_23
KA16_24
KA16_25
KA16_26
KA16_27
KA16_28
KA16_29
KA16_30
KA17_01
KA17_02
KA17_03
KA17_04
KA17_05
KA17_06
KA17_07
KA17_08
KA17_09
KA17_10
KA17_11
KA17_12
KA17_13
KA17_14
KA17_15
KA17_16
KA17_17
KA17_18
KA17_19
KA17_20
KA17_21
KA17_22
KA17_23
KA17_24
KA17_25
KA17_26
KA17_27
KA17_28
KA17_29
KA17_30
KA18_01
KA18_02
KA18_03
KA18_04
KA18_05
KA18_06
KA18_07
KA18_08
KA18_09
KA18_10
KA18_11
KA18_12
KA18_13
KA18_14
KA18_15
KA18_23
KA18_24
KA18_25
KA18_27
KA18_28
KA18_29
KA18_30
KA19_01
KA19_02
KA19_03
KA19_04
KA19_05
KA19_06
KA19_07
KA19_08
KA19_09
KA19_10
KA19_11
KA19_12
KA19_13
KA19_14
KA19_15
KA19_16
KA19_17
KA19_18
KA19_19
KA19_20
KA19_21
KA19_22
KA19_23
KA19_24
KA19_25
KA19_26
KA19_27
KA19_28
KA19_29
KA19_30
KA20_01
KA20_04
KA20_05
KA20_06
KA20_07
KA20_08
KA20_09
KA20_10
KA20_11
KA20_12
KA20_13
KA20_14
KA20_21
KA20_22
KA20_23
KA20_24
KA20_25
KA20_26
KA20_27
KA20_28
KA20_29
KA20_30
KA21_01
KA21_02
KA21_03
KA21_04
KA21_05
KA21_06
KA21_07
KA21_08
KA21_09
KA21_10
KA21_11
KA21_12
KA21_13
KA21_14
KA21_15
KA21_16
KA21_17
KA21_18
KA21_19
KA21_20
KA21_21
KA21_22
KA21_23
KA21_25
KA21_26
KA21_27
KA21_28
KA21_29
KA21_30
KA22_01
KA22_02
KA22_03
KA22_04
KA22_05
KA22_10
KA22_11
KA22_12
KA22_22
KA22_23
KA22_24
KA22_25
KA22_26
KA22_27
KA22_28
KA23_01
KA23_02
KA23_03
KA23_04
KA23_05
KA23_06
KA23_07
KA23_08
KA23_09
KA23_10
KA23_16
KA23_17
KA23_18
KA23_19
KA23_20
KA23_21
KA23_22
KA23_23
KA23_24
KA23_25
KA23_26
KA23_27
KA23_28
KA23_29
KA23_30
KA24_01
KA24_02
KA24_03
KA24_04
KA24_05
KA24_06
KA24_07
KA24_08
KA24_09
KA24_10
KA24_11
KA24_12
KA24_13
KA24_14
KA24_15
KA24_16
KA24_17
KA24_18
KA24_19
KA24_20
KA24_21
KA24_22
KA24_23
KA24_24
KA24_25
KA24_26
KA24_27
KA24_28
KA24_29
KA24_30
KA25_01
KA25_02
KA25_03
KA25_04
KA25_05
KA25_06
KA25_07
KA25_08
KA25_09
KA25_10
KA25_11
KA25_12
KA25_13
KA25_14
KA25_15
KA25_16
KA25_17
KA25_18
KA25_19
KA25_20
KA25_21
KA25_22
KA25_23
KA25_24
KA25_25
KA25_26
KA25_27
KA25_28
KA25_29
KA25_30
KA26_01
KA26_02
KA26_03
KA26_04
KA26_05
KA26_06
KA26_07
KA26_13
KA26_15
KA26_19
KA26_20
KA26_21
KA26_22
KA26_23
KA26_24
KA26_25
KA26_26
KA26_27
KA26_29
KA26_30
KA27_01
KA27_02
KA27_03
KA27_04
KA27_05
KA27_06
KA27_07
KA27_08
KA27_09
KA27_10
KA27_11
KA27_12
KA27_13
KA27_14
KA27_15
KA27_16
KA27_17
KA27_18
KA27_19
KA27_20
KA27_21
KA27_22
KA27_23
KA27_24
KA27_25
KA27_26
KA27_27
KA27_28
KA27_29
KA27_30
KA28_01
KA28_02
KA28_03
KA28_04
KA28_05
KA28_06
KA28_07
KA28_08
KA28_11
KA28_12
KA28_13
KA28_14
KA28_15
KA28_16
KA28_17
KA28_18
KA28_19
KA28_20
KA28_30
KA29_01
KA29_02
KA29_03
KA29_04
KA29_05
KA29_06
KA29_07
KA29_08
KA29_09
KA29_10
KA29_11
KA29_12
KA29_13
KA29_14
KA29_15
KA29_16
KA29_17
KA29_18
KA29_19
KA29_20
KA29_21
KA29_22
KA29_23
KA29_24
KA29_25
KA29_26
KA29_27
KA29_28
KA29_29
KA29_30
KA30_01
KA30_02
KA30_03
KA30_04
KA30_05
KA30_06
KA30_07
KA30_09
KA30_10
KA30_11
KA30_12
KA30_13
KA30_14
KA30_15
KA30_17
KA30_18
KA30_19
KA30_20
KA30_21
KA30_22
KA30_23
KA30_24
KA30_25
KA30_26
KA30_27
KA30_28
KA30_29
KA30_30
KA31_01
KA31_02
KA31_03
KA31_04
KA31_05
KA31_06
KA31_07
KA31_08
KA31_09
KA31_10
KA31_11
KA31_12
KA31_13
KA31_14
KA31_15
KA31_16
KA31_17
KA31_18
KA31_19
KA31_20
KA31_21
KA31_22
KA31_23
KA31_24
KA31_25
KA31_26
KA31_27
KA31_28
KA31_29
KA31_30
KA32_01
KA32_02
KA32_03
KA32_04
KA32_05
KA32_06
KA32_07
KA32_08
KA32_09
KA32_10
KA32_11
KA32_12
KA32_13
KA32_14
KA32_15
KA32_16
KA32_17
KA32_18
KA32_19
KA32_20
KA32_21
KA32_22
KA32_23
KA32_24
KA32_25
KA32_26
KA32_27
KA32_28
KA32_29
KA32_30
KA33_01
KA33_02
KA33_03
KA33_04
KA33_05
KA33_06
KA33_07
KA33_08
KA33_09
KA33_10
KA33_11
KA33_12
KA33_13
KA33_14
KA33_15
KA33_16
KA33_17
KA33_18
KA33_19
KA33_20
KA33_21
KA33_22
KA33_23
KA33_24
KA33_25
KA33_26
KA33_27
KA33_28
KA33_29
KA33_30
KA34_01
KA34_02
KA34_03
KA34_04
KA34_05
KA34_06
KA34_07
KA34_08
KA34_09
KA34_10
KA34_11
KA34_12
KA34_13
KA34_14
KA34_15
KA34_16
KA34_17
KA34_18
KA34_19
KA34_20
KA34_21
KA34_22
KA34_23
KA34_24
KA34_25
KA34_26
KA34_27
KA34_28
KA34_29
KA34_30
KA35_01
KA35_02
KA35_03
KA35_04
KA35_05
KA35_06
KA35_07
KA35_08
KA35_09
KA35_10
KA35_11
KA35_12
KA35_13
KA35_14
KA35_15
KA35_16
KA35_17
KA35_18
KA35_19
KA35_20
KA35_21
KA35_22
KA35_23
KA35_24
KA35_25
KA35_26
KA35_27
KA35_28
KA35_29
KA35_30
KA36_01
KA36_02
KA36_03
KA36_04
KA36_05
KA36_06
KA36_07
KA36_08
KA36_09
KA36_10
KA36_11
KA36_12
KA36_13
KA36_14
KA36_15
KA36_16
KA36_17
KA36_18
KA36_19
KA36_24
KA36_25
KA36_26
KA36_27
KA36_28
KA36_29
KA36_30
KA37_01
KA37_02
KA37_03
KA37_04
KA37_05
KA37_06
KA37_07
KA37_08
KA37_09
KA37_10
KA37_11
KA37_12
KA37_13
KA37_14
KA37_15
KA37_16
KA37_17
KA37_18
KA37_19
KA37_20
KA37_21
KA37_22
KA37_23
KA37_24
KA37_25
KA37_26
KA37_27
KA37_28
KA37_29
KA37_30
KA38_01
KA38_02
KA38_03
KA38_04
KA38_05
KA38_06
KA38_07
KA38_08
KA38_09
KA38_10
KA38_11
KA38_12
KA38_13
KA38_14
KA38_15
KA38_16
KA38_17
KA38_18
KA38_19
KA38_20
KA38_21
KA38_22
KA38_23
KA38_24
KA38_25
KA38_26
KA38_27
KA38_28
KA38_29
KA38_30
KA39_01
KA39_02
KA39_03
KA39_04
KA39_05
KA39_06
KA39_07
KA39_08
KA39_09
KA39_10
KA39_11
KA39_12
KA39_13
KA39_14
KA39_15
KA39_16
KA39_17
KA39_18
KA39_19
KA39_20
KA39_21
KA39_22
KA39_23
KA39_24
KA39_25
KA39_26
KA39_27
KA39_28
KA39_29
KA39_30
KA40_01
KA40_02
KA40_03
KA40_04
KA40_05
KA40_06
KA40_07
KA40_08
KA40_09
KA40_10
KA40_11
KA40_12
KA40_13
KA40_14
KA40_15
KA40_16
KA40_17
KA40_18
KA40_19
KA40_29
KA40_30
KA41_01
KA41_02
KA41_03
KA41_04
KA41_05
KA41_06
KA41_07
KA41_08
KA41_09
KA41_10
KA41_16
KA41_17
KA41_18
KA41_19
KA41_20
KA41_21
KA41_22
KA41_23
KA41_24
KA41_25
KA41_26
KA41_27
KA41_28
KA41_29
KA41_30
KA42_01
KA42_02
KA42_03
KA42_04
KA42_05
KA42_06
KA42_07
KA42_08
KA42_09
KA42_10
KA42_11
KA42_12
KA42_13
KA42_14
KA42_15
KA42_16
KA42_17
KA42_18
KA42_19
KA42_20
KA42_21
KA42_22
KA42_23
KA42_28
KA42_29
KA42_30
KA43_02
KA43_03
KA43_04
KA43_05
KA43_06
KA43_07
KA43_08
KA43_09
KA43_10
KA43_11
KA43_12
KA43_13
KA43_14
KA43_15
KA43_16
KA43_17
KA43_18
KA43_19
KA43_20
KA43_21
KA43_22
KA43_23
KA43_24
KA43_25
KA43_26
KA43_27
KA43_28
KA43_29
KA43_30
KA44_01
KA44_02
KA44_03
KA44_04
KA44_05
KA44_06
KA44_07
KA44_08
KA44_09
KA44_10
KA44_11
KA44_12
KA44_13
KA44_14
KA44_15
KA44_16
KA44_17
KA44_18
KA44_19
KA44_20
KA44_21
KA44_22
KA44_23
KA44_24
KA44_25
KA44_26
KA44_27
KA44_28
KA44_29
KA44_30
KA45_01
KA45_02
KA45_03
KA45_04
KA45_05
KA45_06
KA45_07
KA45_08
KA45_09
KA45_10
KA45_11
KA45_12
KA45_13
KA45_14
KA45_15
KA45_16
KA45_17
KA45_18
KA45_19
KA45_20
KA45_21
KA45_22
KA45_23
KA45_24
KA45_25
KA45_26
KA45_27
KA45_28
KA45_29
KA45_30
KA46_01
KA46_02
KA46_03
KA46_04
KA46_05
KA46_06
KA46_07
KA46_08
KA46_09
KA46_10
KA46_11
KA46_12
KA46_13
KA46_14
KA46_15
KA46_16
KA46_17
KA46_18
KA46_19
KA46_20
KA46_25
KA46_26
KA46_27
KA46_28
KA46_29
KA46_30
KA47_01
KA47_02
KA47_03
KA47_04
KA47_05
KA47_06
KA47_07
KA47_08
KA47_09
KA47_10
KA47_11
KA47_12
KA47_13
KA47_14
KA47_15
KA47_16
KA47_17
KA47_18
KA47_19
KA47_20
KA47_21
KA47_22
KA47_23
KA47_24
KA47_25
KA47_26
KA47_27
KA47_28
KA47_29
KA47_30
KA48_01
KA48_02
KA48_03
KA48_04
KA48_05
KA48_06
KA48_07
KA48_08
KA48_09
KA48_10
KA48_11
KA48_12
KA48_13
KA48_14
KA48_15
KA48_16
KA48_17
KA48_18
KA48_19
KA48_20
KA48_21
KA48_22
KA48_23
KA48_24
KA48_25
KA48_26
KA48_27
KA48_28
KA48_29
KA48_30
KA49_01
KA49_02
KA49_03
KA49_04
KA49_05
KA49_06
KA49_07
KA49_08
KA49_09
KA49_10
KA49_11
KA49_12
KA49_13
KA49_14
KA49_15
KA49_16
KA49_17
KA49_18
KA49_19
KA49_20
KA49_21
KA49_22
KA49_23
KA49_24
KA49_25
KA49_26
KA49_27
KA49_28
KA49_29
KA49_30
KA50_01
KA50_02
KA50_03
KA50_04
KA50_05
KA50_06
KA50_07
KA50_08
KA50_09
KA50_10
KA50_11
KA50_12
KA50_13
KA50_14
KA50_15
KA50_16
KA50_17
KA50_18
KA50_19
KA50_20
KA50_21
KA50_22
KA50_23
KA50_24
KA50_25
KA50_26
KA50_27
KA50_28
KA50_29
KA50_30
KS01_01
KS01_02
KS01_03
KS01_04
KS01_05
KS01_06
KS01_07
KS01_08
KS01_09
KS01_10
KS01_11
KS01_18
KS01_19
KS01_20
KS01_21
KS01_22
KS01_23
KS01_24
KS01_25
KS01_26
KS01_27
KS01_28
KS01_29
KS01_30
KS02_01
KS02_02
KS02_03
KS02_04
KS02_05
KS02_06
KS02_07
KS02_08
KS02_22
KS02_23
KS02_24
KS02_25
KS02_26
KS02_27
KS02_28
KS02_29
KS02_30
KS03_01
KS03_02
KS03_03
KS03_04
KS03_05
KS03_06
KS03_07
KS03_08
KS03_09
KS03_10
KS03_11
KS03_12
KS03_13
KS03_14
KS03_15
KS03_16
KS03_17
KS03_18
KS03_19
KS03_20
KS03_21
KS03_22
KS03_23
KS03_24
KS03_25
KS03_26
KS03_27
KS03_28
KS03_29
KS03_30
KS04_01
KS04_02
KS04_03
KS04_04
KS04_05
KS04_06
KS04_07
KS04_08
KS04_09
KS04_10
KS04_11
KS04_12
KS04_13
KS04_14
KS04_15
KS04_16
KS04_17
KS04_25
KS04_26
KS04_27
KS05_08
KS05_09
KS05_12
KS05_22
KS05_23
KS05_24
KS05_25
KS05_26
KS05_27
KS05_28
KS05_29
KS05_30
KS06_01
KS06_02
KS06_03
KS06_04
KS06_05
KS06_23
KS06_24
KS06_25
KS06_26
KS06_27
KS06_28
KS06_29
KS06_30
KS07_01
KS07_02
KS07_03
KS07_04
KS07_05
KS07_06
KS07_07
KS07_08
KS07_09
KS07_10
KS07_11
KS07_12
KS07_13
KS07_14
KS07_15
KS07_16
KS07_17
KS07_18
KS07_19
KS07_20
KS07_21
KS07_22
KS07_23
KS07_24
KS07_25
KS07_26
KS07_27
KS07_28
KS07_29
KS07_30
KS08_01
KS08_02
KS08_28
KS08_29
KS08_30
KS09_01
KS09_02
KS09_03
KS09_04
KS09_05
KS09_06
KS09_07
KS09_08
KS09_09
KS09_10
KS09_11
KS09_12
KS09_13
KS09_19
KS09_20
KS09_21
KS09_22
KS09_23
KS09_24
KS09_25
KS09_26
KS09_27
KS09_28
KS09_29
KS09_30
KS10_01
KS10_18
KS10_19
KS10_20
KS10_21
KS10_22
KS10_23
KS10_27
KS10_28
KS10_29
KS10_30
KS11_01
KS11_02
KS11_03
KS11_04
KS11_05
KS11_06
KS12_01
KS12_02
KS12_03
KS12_04
KS12_05
KS12_06
KS12_07
KS12_08
KS12_09
KS12_10
KS12_11
KS12_12
KS12_13
KS12_14
KS12_15
KS12_16
KS12_17
KS12_18
KS12_19
KS12_20
KS12_21
KS12_22
KS12_23
KS12_24
KS12_25
KS12_26
KS12_27
KS12_28
KS12_29
KS12_30
KS13_01
KS13_02
KS13_03
KS13_04
KS13_05
KS13_06
KS13_07
KS13_08
KS13_09
KS13_10
KS13_11
KS13_12
KS13_13
KS13_14
KS13_15
KS13_16
KS13_17
KS13_18
KS13_19
KS13_20
KS13_21
KS13_22
KS13_23
KS13_24
KS13_25
KS13_26
KS13_27
KS13_28
KS13_29
KS13_30
KS14_01
KS14_02
KS14_03
KS14_04
KS14_05
KS14_06
KS14_07
KS14_08
KS14_09
KS14_10
KS14_11
KS14_12
KS14_13
KS14_14
KS14_15
KS14_16
KS14_17
KS14_18
KS14_19
KS14_20
KS14_21
KS14_22
KS14_23
KS14_24
KS14_25
KS14_26
KS14_27
KS14_28
KS14_29
KS14_30
KS15_01
KS15_02
KS15_03
KS15_23
KS15_24
KS15_25
KS15_26
KS15_27
KS15_28
KS15_29
KS15_30
KS16_01
KS16_02
KS16_03
KS16_04
KS16_05
KS16_06
KS16_07
KS16_08
KS16_09
KS16_10
KS16_11
KS16_23
KS16_25
KS16_30
KS17_01
KS17_02
KS17_03
KS17_04
KS17_05
KS17_12
KS17_18
KS17_19
KS17_23
KS17_24
KS17_25
KS17_26
KS17_27
KS17_28
KS17_29
KS17_30
KS18_01
KS18_02
KS18_03
KS18_04
KS18_05
KS18_06
KS18_07
KS19_01
KS19_02
KS19_03
KS19_04
KS19_05
KS19_06
KS19_07
KS19_10
KS19_11
KS19_12
KS20_01
KS20_02
KS20_03
KS20_04
KS20_05
KS20_06
KS20_07
KS20_08
KS20_09
KS20_10
KS20_11
KS20_12
KS20_13
KS20_14
KS20_15
KS20_16
KS20_17
KS20_18
KS20_24
KS20_25
KS20_26
KS20_27
KS20_28
KS20_29
KS20_30
KS21_01
KS21_02
KS21_03
KS21_04
KS21_05
KS21_06
KS21_07
KS21_08
KS21_09
KS21_10
KS21_18
KS21_19
KS21_20
KS21_22
KS22_01
KS22_02
KS22_03
KS22_04
KS22_05
KS22_06
KS22_07
KS22_08
KS22_09
KS22_10
KS22_11
KS22_12
KS22_13
KS22_14
KS22_15
KS22_16
KS22_17
KS22_18
KS22_19
KS22_20
KS22_21
KS22_22
KS22_23
KS22_24
KS22_25
KS22_26
KS22_27
KS22_29
KS22_30
KS23_01
KS23_02
KS23_03
KS23_04
KS23_05
KS23_06
KS23_07
KS23_08
KS23_09
KS23_10
KS23_11
KS23_13
KS23_14
KS23_22
KS23_23
KS23_24
KS23_25
KS23_29
KS23_30
KS24_01
KS24_02
KS24_03
KS24_04
KS24_05
KS24_06
KS24_07
KS24_08
KS24_09
KS24_10
KS24_26
KS24_27
KS24_28
KS24_29
KS24_30
KS25_01
KS25_02
KS25_03
KS25_04
KS25_16
KS25_17
KS25_18
KS25_19
KS25_20
KS25_25
KS25_26
KS25_27
KS25_28
KS25_29
KS25_30
KS26_01
KS26_13
KS26_14
KS26_15
KS26_16
KS26_17
KS26_18
KS26_19
KS26_20
KS26_21
KS26_22
KS26_23
KS26_24
KS26_25
KS26_26
KS26_27
KS26_28
KS26_29
KS26_30
KS27_10
KS27_26
KS28_01
KS28_02
KS28_03
KS28_04
KS28_05
KS28_06
KS28_19
KS29_01
KS29_02
KS29_03
KS29_04
KS29_05
KS29_06
KS29_07
KS29_19
KS29_20
KS29_21
KS29_22
KS29_23
KS29_24
KS29_25
KS29_26
KS29_27
KS29_28
KS29_29
KS29_30
KS30_08
KS30_09
KS30_10
KS30_11
KS30_12
KS30_13
KS30_23
KS30_24
KS30_25
KS30_26
KS30_27
KS30_28
KS30_29
KS30_30
KS31_01
KS31_02
KS31_03
KS31_04
KS31_05
KS31_06
KS31_07
KS31_08
KS31_09
KS31_10
KS31_11
KS31_12
KS31_13
KS31_14
KS31_15
KS31_16
KS31_17
KS31_18
KS31_19
KS31_20
KS31_21
KS31_22
KS31_23
KS31_24
KS31_25
KS31_26
KS31_27
KS31_28
KS31_29
KS31_30
KS32_03
KS32_04
KS32_05
KS32_06
KS32_07
KS32_08
KS32_09
KS32_10
KS32_11
KS32_12
KS32_13
KS32_14
KS32_15
KS32_16
KS32_17
KS32_18
KS32_19
KS32_20
KS32_21
KS32_22
KS32_23
KS32_24
KS32_25
KS33_01
KS33_02
KS33_03
KS33_06
KS33_07
KS33_14
KS33_16
KS33_17
KS33_18
KS33_24
KS33_25
KS33_26
KS33_29
KS33_30
KS34_01
KS34_02
KS34_03
KS34_04
KS34_05
KS34_06
KS34_07
KS34_08
KS34_09
KS34_10
KS34_11
KS34_12
KS34_13
KS34_14
KS34_15
KS34_16
KS34_17
KS34_18
KS34_19
KS34_20
KS34_21
KS34_22
KS34_23
KS34_24
KS34_25
KS34_26
KS34_27
KS34_28
KS34_29
KS34_30
KS35_01
KS35_02
KS35_03
KS35_04
KS35_05
KS35_06
KS35_07
KS35_08
KS35_09
KS35_10
KS35_11
KS35_12
KS35_13
KS35_14
KS35_15
KS35_16
KS35_17
KS35_18
KS35_19
KS35_20
KS35_21
KS35_22
KS35_23
KS35_24
KS35_25
KS35_26
KS35_27
KS35_28
KS35_29
KS35_30
KS36_01
KS36_02
KS36_03
KS36_04
KS36_05
KS36_06
KS36_07
KS36_08
KS36_09
KS36_10
KS36_11
KS36_12
KS36_13
KS36_14
KS36_19
KS36_20
KS36_21
KS36_22
KS36_23
KS36_24
KS36_25
KS36_26
KS36_27
KS36_28
KS36_29
KS36_30
KS37_01
KS37_02
KS37_03
KS37_04
KS37_05
KS37_06
KS37_07
KS37_08
KS37_09
KS37_10
KS37_11
KS37_12
KS37_13
KS37_14
KS37_15
KS37_16
KS37_17
KS37_18
KS37_19
KS37_21
KS38_01
KS38_02
KS38_03
KS38_04
KS38_05
KS38_06
KS38_07
KS38_08
KS38_09
KS38_10
KS38_11
KS38_12
KS38_13
KS38_14
KS38_15
KS38_16
KS38_17
KS38_18
KS38_19
KS38_20
KS38_21
KS38_22
KS38_23
KS38_24
KS38_25
KS38_26
KS38_27
KS38_28
KS38_29
KS38_30
KS39_04
KS39_05
KS39_06
KS39_07
KS39_08
KS39_09
KS39_12
KS39_13
KS39_14
KS39_15
KS40_01
KS40_02
KS40_03
KS40_04
KS40_05
KS40_06
KS40_08
KS40_09
KS40_10
KS40_11
KS40_12
KS40_13
KS40_14
KS40_15
KS40_16
KS40_17
KS40_18
KS40_19
KS40_20
KS40_21
KS41_01
KS41_02
KS41_03
KS41_04
KS41_05
KS41_06
KS41_07
KS41_08
KS41_09
KS41_10
KS41_11
KS41_12
KS41_13
KS41_14
KS41_15
KS41_16
KS41_17
KS41_18
KS41_19
KS41_20
KS41_21
KS41_22
KS41_23
KS41_24
KS41_25
KS41_26
KS41_27
KS41_28
KS41_29
KS41_30
KS42_01
KS42_02
KS42_03
KS42_04
KS42_05
KS42_08
KS42_09
KS42_10
KS42_11
KS42_12
KS42_13
KS42_14
KS42_15
KS42_19
KS42_20
KS42_21
KS43_01
KS43_02
KS43_03
KS43_04
KS43_05
KS43_06
KS43_07
KS43_08
KS43_09
KS43_10
KS43_11
KS43_12
KS43_18
KS43_19
KS43_20
KS43_21
KS43_22
KS43_23
KS43_24
KS43_25
KS43_26
KS43_27
KS43_28
KS43_29
KS43_30
KS44_01
KS44_02
KS44_03
KS44_04
KS44_05
KS44_09
KS44_10
KS44_11
KS44_12
KS44_13
KS44_14
KS44_15
KS44_16
KS44_17
KS44_18
KS44_19
KS44_20
KS44_21
KS44_22
KS44_23
KS44_24
KS44_25
KS44_26
KS44_27
KS44_28
KS44_29
KS44_30
KS45_01
KS45_02
KS45_03
KS45_04
KS45_05
KS45_08
KS45_11
KS45_14
KS45_15
KS45_16
KS45_17
KS45_18
KS45_19
KS45_20
KS45_21
KS45_22
KS45_23
KS45_24
KS45_25
KS45_26
KS45_27
KS45_29
KS46_01
KS46_02
KS46_03
KS46_06
KS46_07
KS46_08
KS46_21
KS46_22
KS46_23
KS46_24
KS46_25
KS46_26
KS46_27
KS46_28
KS46_29
KS46_30
KS47_01
KS47_02
KS47_03
KS47_04
KS47_09
KS47_10
KS47_11
KS47_12
KS47_13
KS47_16
KS47_17
KS47_18
KS47_22
KS47_27
KS47_28
KS47_29
KS47_30
KS48_01
KS48_02
KS48_03
KS48_06
KS48_07
KS48_12
KS48_13
KS48_14
KS48_15
KS48_16
KS48_17
KS48_19
KS48_20
KS48_21
KS48_22
KS48_23
KS48_24
KS48_25
KS48_26
KS48_27
KS48_28
KS49_01
KS49_02
KS49_03
KS49_04
KS49_05
KS49_06
KS49_12
KS49_13
KS49_14
KS49_15
KS49_16
KS49_17
KS49_18
KS49_19
KS49_20
KS49_21
KS49_25
KS49_26
KS49_27
KS49_28
KS49_29
KS49_30
KS50_01
KS50_02
KS50_03
KS50_04
KS50_05
KS50_06
KS50_07
KS50_09
KS50_10
KS50_11
KS50_12
KS50_13
KS50_14
KS50_16
KS50_17
KS50_18
KS50_19
KS50_20
KS50_21
KS50_22
KS50_23
PA01_12
PA01_13
PA01_14
PA01_15
PA01_16
PA01_17
PA01_18
PA01_19
PA01_20
PA01_21
PA01_26
PA02_12
PA02_19
PA04_13
PA04_19
PA04_20
PA04_21
PA04_22
PA04_23
PA04_24
PA04_25
PA04_26
PA04_27
PA04_28
PA04_29
PA04_30
PA07_27
PA07_28
PA07_29
PA07_30
PA18_24
PA20_14
PA20_15
PA20_19
PA20_20
PA20_21
PA20_22
PA20_27
PA20_28
PA20_29
PA20_30
PA21_10
PA21_11
PA21_12
PA21_13
PA21_14
PA21_16
PA21_17
PA21_18
PA21_19
PA21_20
PA21_21
PA21_28
PA21_29
PA24_28
PA24_29
PA24_30
PA27_24
PA31_11
PA31_12
PA31_13
PA31_14
PA31_15
PA31_16
PA31_17
PA31_18
PA31_19
PA36_29
PA36_30
PA39_24
PA39_25
PA39_26
PA39_27
PA39_28
PA40_21
PA40_22
PA46_27
PA46_28
PA46_29
PA46_30
PA47_20
PA47_21
PA47_22
PA47_23
PA47_24
PA47_25
PA47_26
PA47_27
PA47_28
PA47_29
PA47_30
PA49_29
PA49_30
PS01_19
PS01_20
PS01_21
PS01_24
PS01_25
PS01_26
PS01_27
PS01_28
PS01_29
PS01_30
PS02_13
PS02_14
PS02_15
PS02_16
PS02_17
PS02_18
PS02_19
PS02_20
PS02_21
PS02_22
PS02_23
PS02_24
PS02_25
PS03_17
PS03_18
PS03_27
PS03_28
PS03_29
PS03_30
PS04_25
PS04_26
PS04_27
PS04_28
PS04_29
PS04_30
PS05_21
PS05_22
PS05_23
PS05_24
PS05_25
PS05_26
PS05_27
PS05_28
PS06_10
PS06_17
PS06_18
PS06_19
PS06_20
PS06_21
PS06_22
PS06_23
PS06_24
PS06_28
PS06_29
PS06_30
PS07_11
PS07_12
PS07_13
PS07_14
PS07_15
PS07_16
PS07_17
PS07_18
PS07_19
PS07_20
PS07_21
PS07_22
PS07_23
PS07_24
PS07_25
PS07_26
PS07_27
PS07_28
PS07_29
PS07_30
PS08_15
PS08_16
PS08_17
PS08_18
PS08_19
PS08_20
PS08_21
PS08_22
PS08_23
PS08_24
PS08_25
PS08_26
PS08_27
PS08_28
PS08_29
PS08_30
PS09_10
PS09_11
PS09_12
PS09_13
PS09_14
PS09_15
PS09_16
PS09_17
PS09_18
PS09_19
PS09_20
PS09_21
PS09_22
PS09_23
PS09_29
PS09_30
PS10_26
PS10_27
PS11_24
PS11_25
PS11_26
PS11_28
PS11_29
PS11_30
PS12_17
PS12_18
PS12_19
PS12_20
PS12_21
PS12_22
PS12_23
PS12_24
PS12_25
PS12_26
PS12_27
PS12_28
PS12_29
PS12_30
PS13_20
PS13_21
PS13_22
PS13_23
PS14_29
PS14_30
PS15_23
PS15_24
PS15_25
PS15_26
PS15_27
PS15_28
PS15_29
PS15_30
PS18_25
PS19_14
PS19_15
PS19_16
PS19_17
PS19_18
PS19_19
PS19_20
PS19_21
PS19_22
PS19_23
PS19_24
PS19_25
PS19_26
PS19_27
PS19_28
PS19_29
PS19_30
PS20_27
PS20_28
PS20_29
PS20_30
PS21_13
PS22_20
PS22_21
PS22_22
PS22_23
PS22_24
PS22_25
PS22_26
PS22_27
PS22_28
PS22_29
PS22_30
PS23_21
PS23_22
PS23_23
PS23_24
PS23_25
PS23_26
PS23_27
PS23_28
PS23_29
PS23_30
PS24_16
PS24_17
PS24_18
PS24_19
PS24_20
PS24_21
PS24_22
PS24_23
PS24_24
PS24_25
PS24_26
PS24_27
PS24_28
PS24_29
PS24_30
PS26_16
PS26_27
PS26_28
PS26_29
PS26_30
PS28_19
PS28_20
PS28_21
PS28_22
PS28_23
PS28_24
PS28_25
PS28_26
PS28_27
PS28_28
PS28_29
PS28_30
PS30_15
PS30_16
PS30_17
PS30_18
PS30_20
PS30_21
PS30_22
PS30_23
PS30_24
PS30_25
PS30_26
PS31_22
PS31_23
PS31_24
PS31_25
PS33_18
PS33_19
PS33_20
PS33_21
PS33_22
PS33_23
PS33_24
PS33_25
PS34_25
PS34_26
PS34_27
PS34_28
PS35_13
PS35_14
PS35_15
PS35_16
PS35_17
PS35_18
PS35_19
PS35_20
PS35_21
PS35_22
PS35_23
PS35_24
PS35_25
PS35_26
PS35_27
PS35_28
PS35_29
PS35_30
PS36_22
PS36_26
PS36_27
PS36_28
PS36_29
PS36_30
PS37_15
PS37_16
PS37_17
PS37_18
PS37_19
PS37_22
PS37_23
PS37_25
PS37_26
PS37_27
PS37_28
PS38_17
PS38_18
PS38_19
PS38_20
PS38_21
PS38_22
PS38_23
PS38_25
PS38_26
PS38_27
PS38_28
PS38_29
PS39_25
PS39_26
PS39_27
PS39_28
PS39_29
PS40_23
PS41_14
PS41_15
PS41_16
PS41_17
PS41_18
PS41_19
PS41_20
PS41_21
PS41_22
PS41_23
PS41_24
PS41_25
PS42_20
PS42_21
PS42_22
PS42_23
PS42_24
PS43_20
PS43_21
PS43_22
PS43_23
PS43_24
PS43_25
PS43_26
PS43_27
PS43_28
PS43_29
PS43_30
PS44_24
PS44_25
PS44_26
PS44_27
PS44_28
PS44_29
PS44_30
PS46_11
PS46_12
PS46_13
PS46_14
PS46_15
PS46_21
PS46_28
PS46_29
PS46_30
PS48_23
PS48_24
PS48_25
PS48_26
PS48_27
PS48_28
PS48_30
PS49_17
PS49_18
PS49_19
PS49_20
PS49_21
PS49_22
PS49_23
PS49_24
PS49_25
PS49_26
PS49_27
PS49_28
PS49_29
PS49_30
TA01_01
TA01_02
TA01_03
TA01_04
TA01_05
TA01_06
TA01_07
TA01_08
TA01_09
TA01_10
TA01_11
TA01_14
TA01_15
TA01_16
TA01_17
TA01_18
TA01_19
TA01_20
TA01_21
TA01_22
TA01_24
TA01_25
TA01_26
TA01_27
TA01_28
TA01_29
TA01_30
TA02_01
TA02_02
TA02_03
TA02_04
TA02_05
TA02_06
TA02_07
TA02_08
TA02_09
TA02_10
TA02_11
TA02_12
TA02_13
TA02_14
TA02_15
TA02_16
TA02_17
TA02_18
TA02_19
TA02_20
TA02_21
TA02_22
TA02_23
TA02_24
TA02_25
TA02_26
TA02_27
TA02_28
TA02_29
TA02_30
TA03_01
TA03_02
TA03_03
TA03_04
TA03_05
TA03_06
TA03_07
TA03_08
TA03_09
TA03_10
TA03_11
TA03_12
TA03_13
TA03_14
TA03_15
TA03_16
TA03_17
TA03_18
TA03_19
TA03_20
TA03_21
TA03_22
TA03_23
TA03_24
TA03_25
TA03_26
TA03_27
TA03_28
TA03_29
TA03_30
TA04_01
TA04_02
TA04_03
TA04_04
TA04_05
TA04_06
TA04_07
TA04_08
TA04_09
TA04_10
TA04_11
TA04_12
TA04_15
TA04_16
TA04_17
TA04_18
TA04_19
TA04_20
TA04_21
TA04_22
TA04_23
TA04_24
TA04_25
TA04_26
TA04_27
TA04_29
TA04_30
TA05_01
TA05_02
TA05_03
TA05_04
TA05_05
TA05_06
TA05_07
TA05_08
TA05_09
TA05_10
TA05_11
TA05_12
TA05_13
TA05_14
TA05_15
TA05_16
TA05_17
TA05_18
TA05_19
TA05_20
TA05_21
TA05_22
TA05_23
TA05_24
TA05_25
TA05_26
TA05_27
TA05_28
TA05_29
TA05_30
TA06_06
TA06_07
TA06_08
TA06_09
TA06_10
TA06_11
TA06_12
TA06_13
TA06_14
TA06_15
TA06_16
TA06_17
TA06_18
TA06_19
TA06_20
TA06_21
TA06_22
TA06_25
TA06_26
TA06_27
TA06_28
TA06_29
TA06_30
TA07_01
TA07_02
TA07_03
TA07_04
TA07_05
TA07_06
TA07_07
TA07_08
TA07_09
TA07_10
TA07_11
TA07_12
TA07_13
TA07_14
TA07_15
TA07_16
TA07_17
TA07_18
TA07_19
TA07_22
TA07_23
TA07_24
TA07_25
TA07_26
TA07_27
TA07_28
TA07_29
TA07_30
TA08_01
TA08_02
TA08_03
TA08_04
TA08_05
TA08_06
TA08_07
TA08_08
TA08_09
TA08_10
TA08_11
TA08_12
TA08_13
TA08_14
TA08_15
TA08_16
TA08_17
TA08_19
TA08_20
TA08_21
TA08_22
TA08_23
TA08_24
TA08_25
TA08_26
TA08_27
TA08_28
TA09_01
TA09_02
TA09_03
TA09_04
TA09_05
TA09_06
TA09_07
TA09_08
TA09_09
TA09_10
TA09_11
TA09_12
TA09_13
TA09_14
TA09_15
TA09_16
TA09_17
TA09_18
TA09_19
TA09_20
TA09_21
TA09_22
TA09_23
TA09_24
TA09_25
TA09_26
TA09_27
TA09_28
TA09_29
TA09_30
TA10_01
TA10_02
TA10_03
TA10_04
TA10_05
TA10_06
TA10_07
TA10_08
TA10_09
TA10_10
TA10_11
TA10_12
TA10_13
TA10_14
TA10_15
TA10_16
TA10_17
TA10_18
TA10_19
TA10_20
TA10_21
TA10_22
TA10_23
TA10_24
TA10_25
TA10_26
TA10_27
TA10_28
TA10_29
TA10_30
TA11_01
TA11_02
TA11_03
TA11_04
TA11_05
TA11_06
TA11_07
TA11_08
TA11_09
TA11_10
TA11_11
TA11_12
TA11_13
TA11_14
TA11_15
TA11_16
TA11_17
TA11_18
TA11_19
TA11_20
TA11_21
TA11_22
TA11_23
TA11_24
TA11_25
TA11_26
TA11_27
TA11_28
TA11_29
TA11_30
TA12_01
TA12_02
TA12_03
TA12_04
TA12_05
TA12_06
TA12_07
TA12_08
TA12_09
TA12_10
TA12_11
TA12_12
TA12_13
TA12_14
TA12_15
TA12_16
TA12_17
TA12_18
TA12_19
TA12_20
TA12_21
TA12_22
TA12_23
TA12_24
TA12_25
TA12_26
TA12_27
TA12_28
TA12_29
TA12_30
TA13_01
TA13_02
TA13_03
TA13_04
TA13_05
TA13_06
TA13_07
TA13_08
TA13_09
TA13_10
TA13_11
TA13_12
TA13_13
TA13_14
TA13_15
TA13_16
TA13_17
TA13_18
TA13_19
TA13_20
TA13_21
TA13_22
TA13_23
TA13_24
TA13_25
TA13_26
TA13_27
TA13_28
TA13_29
TA13_30
TA14_01
TA14_02
TA14_03
TA14_04
TA14_05
TA14_06
TA14_07
TA14_08
TA14_09
TA14_10
TA14_11
TA14_12
TA14_13
TA14_14
TA14_15
TA14_16
TA14_17
TA14_18
TA14_19
TA14_20
TA14_21
TA14_22
TA14_23
TA14_24
TA14_25
TA14_26
TA14_27
TA14_28
TA14_29
TA14_30
TA15_01
TA15_02
TA15_03
TA15_04
TA15_05
TA15_06
TA15_07
TA15_08
TA15_09
TA15_10
TA15_11
TA15_12
TA15_13
TA15_14
TA15_15
TA15_16
TA15_17
TA15_18
TA15_19
TA15_20
TA15_21
TA15_22
TA15_23
TA15_24
TA15_25
TA15_26
TA15_27
TA15_28
TA15_29
TA15_30
TA16_01
TA16_02
TA16_03
TA16_04
TA16_05
TA16_06
TA16_07
TA16_08
TA16_09
TA16_10
TA16_11
TA16_12
TA16_13
TA16_14
TA16_15
TA16_16
TA16_17
TA16_18
TA16_19
TA16_20
TA16_21
TA16_22
TA16_23
TA16_24
TA16_28
TA16_29
TA16_30
TA17_01
TA17_02
TA17_03
TA17_04
TA17_05
TA17_06
TA17_07
TA17_08
TA17_09
TA17_10
TA17_11
TA17_12
TA17_13
TA17_14
TA17_15
TA17_16
TA17_17
TA17_18
TA17_19
TA17_20
TA17_21
TA17_22
TA17_23
TA17_24
TA17_25
TA17_26
TA17_27
TA17_28
TA17_29
TA17_30
TA18_01
TA18_02
TA18_03
TA18_04
TA18_05
TA18_06
TA18_07
TA18_08
TA18_09
TA18_10
TA18_11
TA18_12
TA18_13
TA18_14
TA18_15
TA18_16
TA18_17
TA18_18
TA18_19
TA18_20
TA18_21
TA18_22
TA18_23
TA18_24
TA18_25
TA18_26
TA18_27
TA18_28
TA18_29
TA19_01
TA19_02
TA19_03
TA19_04
TA19_05
TA19_06
TA19_07
TA19_08
TA19_09
TA19_10
TA19_11
TA19_12
TA19_13
TA19_15
TA19_16
TA19_17
TA19_21
TA19_22
TA19_23
TA19_24
TA19_25
TA19_26
TA19_27
TA19_28
TA19_29
TA19_30
TA20_01
TA20_02
TA20_03
TA20_04
TA20_05
TA20_06
TA20_07
TA20_08
TA20_09
TA20_10
TA20_11
TA20_12
TA20_13
TA20_14
TA20_15
TA20_16
TA20_17
TA20_18
TA20_19
TA20_20
TA20_21
TA20_22
TA20_23
TA20_24
TA20_25
TA20_26
TA20_27
TA20_28
TA20_29
TA20_30
TA21_01
TA21_02
TA21_03
TA21_04
TA21_05
TA21_06
TA21_07
TA21_08
TA21_09
TA21_10
TA21_11
TA21_12
TA21_13
TA21_14
TA21_15
TA21_16
TA21_17
TA21_18
TA21_19
TA21_20
TA21_21
TA21_22
TA21_23
TA21_24
TA21_25
TA21_26
TA21_27
TA21_28
TA21_29
TA21_30
TA22_01
TA22_02
TA22_03
TA22_04
TA22_05
TA22_06
TA22_07
TA22_08
TA22_09
TA22_10
TA22_11
TA22_12
TA22_13
TA22_14
TA22_18
TA22_19
TA22_20
TA22_21
TA22_22
TA22_23
TA22_24
TA22_25
TA22_26
TA22_27
TA22_28
TA22_29
TA22_30
TA23_01
TA23_02
TA23_03
TA23_04
TA23_05
TA23_06
TA23_07
TA23_08
TA23_09
TA23_10
TA23_11
TA23_12
TA23_13
TA23_14
TA23_15
TA23_16
TA23_17
TA23_18
TA23_19
TA23_20
TA23_21
TA23_22
TA23_23
TA23_24
TA23_25
TA23_26
TA23_27
TA23_28
TA23_29
TA23_30
TA24_01
TA24_02
TA24_03
TA24_04
TA24_05
TA24_06
TA24_07
TA24_08
TA24_09
TA24_10
TA24_11
TA24_12
TA24_13
TA24_14
TA24_15
TA24_16
TA24_17
TA24_18
TA24_19
TA24_20
TA24_21
TA24_22
TA24_25
TA24_26
TA24_27
TA24_28
TA25_01
TA25_02
TA25_03
TA25_04
TA25_05
TA25_06
TA25_07
TA25_14
TA25_15
TA25_16
TA25_22
TA25_23
TA25_24
TA25_25
TA25_26
TA25_27
TA25_28
TA25_29
TA25_30
TA26_01
TA26_02
TA26_03
TA26_04
TA26_05
TA26_06
TA26_07
TA26_08
TA26_09
TA26_10
TA26_11
TA26_12
TA26_13
TA26_14
TA26_15
TA26_16
TA26_17
TA26_18
TA26_19
TA26_20
TA26_21
TA26_22
TA26_23
TA26_24
TA26_25
TA26_26
TA26_27
TA26_28
TA26_29
TA26_30
TA27_01
TA27_02
TA27_03
TA27_04
TA27_05
TA27_06
TA27_07
TA27_08
TA27_09
TA27_10
TA27_11
TA27_12
TA27_13
TA27_14
TA27_15
TA27_16
TA27_17
TA27_18
TA27_19
TA27_20
TA27_21
TA27_22
TA27_23
TA27_24
TA27_25
TA27_26
TA27_27
TA27_28
TA27_29
TA27_30
TA28_01
TA28_02
TA28_03
TA28_04
TA28_05
TA28_06
TA28_07
TA28_08
TA28_09
TA28_10
TA28_11
TA28_12
TA28_13
TA28_14
TA28_15
TA28_16
TA28_21
TA28_22
TA28_23
TA28_24
TA28_25
TA28_26
TA28_27
TA28_28
TA28_29
TA28_30
TA29_01
TA29_02
TA29_03
TA29_04
TA29_05
TA29_06
TA29_07
TA29_08
TA29_09
TA29_10
TA29_11
TA29_12
TA29_13
TA29_14
TA29_15
TA29_16
TA29_17
TA29_18
TA29_19
TA29_20
TA29_21
TA29_22
TA29_23
TA29_24
TA29_25
TA29_26
TA29_27
TA29_28
TA29_29
TA29_30
TA30_01
TA30_02
TA30_03
TA30_04
TA30_05
TA30_06
TA30_07
TA30_08
TA30_09
TA30_10
TA30_11
TA30_12
TA30_13
TA30_14
TA30_15
TA30_16
TA30_17
TA30_18
TA30_19
TA30_20
TA30_21
TA30_22
TA30_23
TA30_24
TA30_25
TA30_26
TA30_27
TA30_28
TA30_29
TA30_30
TA31_01
TA31_02
TA31_03
TA31_04
TA31_05
TA31_06
TA31_07
TA31_08
TA31_09
TA31_10
TA31_11
TA31_12
TA31_13
TA31_14
TA31_15
TA31_16
TA31_17
TA31_18
TA31_19
TA31_20
TA31_21
TA31_22
TA31_23
TA31_24
TA31_25
TA31_26
TA31_27
TA31_28
TA31_29
TA31_30
TA32_01
TA32_02
TA32_03
TA32_04
TA32_05
TA32_06
TA32_07
TA32_08
TA32_09
TA32_10
TA32_11
TA32_12
TA32_13
TA32_14
TA32_15
TA32_16
TA32_17
TA32_18
TA32_19
TA32_20
TA32_21
TA32_22
TA32_23
TA32_24
TA32_25
TA32_26
TA32_27
TA32_29
TA32_30
TA33_01
TA33_02
TA33_03
TA33_04
TA33_05
TA33_06
TA33_07
TA33_08
TA33_09
TA33_10
TA33_11
TA33_12
TA33_13
TA33_14
TA33_15
TA33_16
TA33_17
TA33_18
TA33_19
TA33_20
TA33_21
TA33_22
TA33_23
TA33_24
TA33_25
TA33_26
TA33_27
TA33_28
TA33_29
TA33_30
TA34_01
TA34_02
TA34_03
TA34_04
TA34_05
TA34_06
TA34_07
TA34_08
TA34_09
TA34_10
TA34_11
TA34_12
TA34_13
TA34_14
TA34_15
TA34_16
TA34_17
TA34_18
TA34_19
TA34_20
TA34_21
TA34_22
TA34_23
TA34_24
TA34_25
TA34_26
TA34_27
TA34_28
TA34_29
TA34_30
TA35_01
TA35_02
TA35_03
TA35_04
TA35_05
TA35_06
TA35_07
TA35_08
TA35_09
TA35_10
TA35_11
TA35_12
TA35_13
TA35_14
TA35_15
TA35_16
TA35_17
TA35_18
TA35_19
TA35_20
TA35_21
TA35_22
TA35_23
TA35_24
TA35_25
TA35_26
TA35_27
TA35_28
TA35_29
TA35_30
TA36_01
TA36_02
TA36_03
TA36_04
TA36_05
TA36_06
TA36_07
TA36_08
TA36_09
TA36_10
TA36_11
TA36_12
TA36_13
TA36_14
TA36_15
TA36_16
TA36_17
TA36_18
TA36_19
TA36_20
TA36_21
TA36_22
TA36_23
TA36_24
TA36_25
TA36_26
TA36_27
TA36_28
TA36_29
TA36_30
TA37_01
TA37_02
TA37_03
TA37_04
TA37_05
TA37_06
TA37_07
TA37_08
TA37_13
TA37_18
TA37_19
TA37_20
TA37_21
TA37_22
TA37_27
TA37_28
TA37_29
TA38_01
TA38_02
TA38_03
TA38_04
TA38_05
TA38_06
TA38_07
TA38_08
TA38_09
TA38_10
TA38_11
TA38_12
TA38_13
TA38_14
TA38_15
TA38_16
TA38_17
TA38_18
TA38_19
TA38_20
TA38_21
TA38_22
TA38_23
TA38_24
TA38_25
TA38_26
TA38_27
TA38_28
TA38_29
TA38_30
TA39_01
TA39_02
TA39_03
TA39_11
TA39_12
TA39_13
TA39_14
TA39_20
TA39_21
TA39_22
TA39_23
TA39_24
TA39_25
TA39_26
TA39_27
TA39_28
TA39_29
TA39_30
TA40_01
TA40_02
TA40_03
TA40_04
TA40_05
TA40_06
TA40_07
TA40_08
TA40_09
TA40_10
TA40_11
TA40_12
TA40_13
TA40_14
TA40_15
TA40_16
TA40_17
TA40_18
TA40_19
TA40_20
TA40_21
TA40_22
TA40_23
TA40_24
TA40_25
TA40_26
TA40_27
TA40_28
TA40_29
TA40_30
TA41_01
TA41_02
TA41_03
TA41_04
TA41_05
TA41_06
TA41_07
TA41_08
TA41_09
TA41_10
TA41_11
TA41_12
TA41_13
TA41_14
TA41_15
TA41_16
TA41_17
TA41_18
TA41_19
TA41_20
TA41_21
TA41_22
TA41_23
TA41_24
TA41_25
TA41_26
TA41_27
TA41_28
TA41_29
TA41_30
TA42_01
TA42_02
TA42_03
TA42_04
TA42_05
TA42_06
TA42_07
TA42_08
TA42_09
TA42_10
TA42_11
TA42_12
TA42_13
TA42_14
TA42_15
TA42_16
TA42_17
TA42_18
TA42_19
TA42_28
TA42_29
TA42_30
TA43_01
TA43_02
TA43_03
TA43_04
TA43_06
TA43_07
TA43_08
TA43_09
TA43_10
TA43_11
TA43_12
TA43_13
TA43_14
TA43_15
TA43_16
TA43_17
TA43_18
TA43_19
TA43_20
TA43_21
TA43_22
TA43_23
TA43_24
TA43_25
TA43_26
TA43_27
TA43_28
TA43_29
TA43_30
TA44_01
TA44_02
TA44_03
TA44_04
TA44_09
TA44_10
TA44_11
TA44_12
TA44_13
TA44_14
TA44_15
TA44_16
TA44_17
TA44_19
TA44_20
TA45_01
TA45_02
TA45_03
TA45_04
TA45_05
TA45_06
TA45_07
TA45_08
TA45_09
TA45_10
TA45_11
TA45_12
TA45_13
TA45_14
TA45_15
TA45_16
TA45_17
TA45_18
TA45_19
TA45_20
TA45_21
TA45_22
TA45_23
TA45_24
TA45_25
TA45_26
TA45_27
TA45_28
TA45_29
TA45_30
TA46_01
TA46_02
TA46_03
TA46_04
TA46_05
TA46_06
TA46_07
TA46_08
TA46_09
TA46_10
TA46_11
TA46_12
TA46_13
TA46_14
TA46_15
TA46_16
TA46_17
TA46_18
TA46_19
TA46_20
TA46_21
TA46_22
TA46_23
TA46_24
TA46_25
TA46_26
TA46_27
TA46_28
TA46_29
TA46_30
TA47_06
TA47_07
TA47_08
TA47_09
TA47_10
TA47_11
TA47_12
TA47_13
TA47_14
TA47_15
TA47_16
TA47_17
TA47_18
TA47_19
TA47_20
TA47_21
TA47_22
TA47_23
TA47_26
TA47_27
TA47_28
TA47_29
TA47_30
TA48_01
TA48_02
TA48_03
TA48_05
TA48_06
TA48_07
TA48_08
TA48_09
TA48_10
TA48_11
TA48_12
TA48_13
TA48_14
TA48_15
TA48_16
TA48_17
TA48_18
TA48_19
TA48_20
TA48_21
TA48_22
TA48_23
TA48_24
TA48_25
TA49_01
TA49_02
TA49_03
TA49_04
TA49_05
TA49_06
TA49_07
TA49_08
TA49_09
TA49_10
TA49_11
TA49_12
TA49_13
TA49_14
TA49_15
TA49_16
TA49_17
TA49_18
TA49_19
TA49_20
TA49_21
TA49_22
TA49_23
TA49_24
TA49_25
TA49_26
TA49_27
TA49_28
TA49_29
TA49_30
TA50_01
TA50_02
TA50_03
TA50_04
TA50_05
TA50_06
TA50_07
TA50_08
TA50_09
TA50_10
TA50_11
TA50_12
TA50_13
TA50_14
TA50_15
TA50_16
TA50_17
TA50_18
TA50_19
TA50_20
TA50_23
TA50_24
TA50_25
TA50_26
TA50_27
TA50_28
TA50_29
TA50_30
TS01_01
TS01_02
TS01_03
TS01_04
TS01_05
TS01_06
TS01_07
TS01_08
TS01_09
TS01_10
TS01_11
TS01_12
TS01_13
TS01_14
TS01_15
TS01_16
TS01_17
TS01_18
TS01_19
TS01_20
TS01_21
TS01_22
TS01_23
TS01_24
TS01_25
TS01_26
TS01_27
TS01_28
TS01_29
TS01_30
TS02_01
TS02_02
TS02_03
TS02_04
TS02_05
TS02_06
TS02_07
TS02_08
TS02_09
TS02_10
TS02_11
TS02_12
TS02_13
TS02_14
TS02_15
TS02_16
TS02_17
TS02_18
TS02_19
TS02_20
TS02_21
TS02_22
TS02_23
TS02_24
TS02_25
TS02_26
TS02_27
TS02_28
TS02_29
TS02_30
TS03_01
TS03_02
TS03_03
TS03_04
TS03_05
TS03_06
TS03_07
TS03_08
TS03_09
TS03_10
TS03_11
TS03_12
TS03_13
TS03_14
TS03_15
TS03_16
TS03_17
TS03_18
TS03_19
TS03_20
TS03_21
TS03_22
TS03_23
TS03_24
TS03_25
TS03_26
TS03_27
TS03_28
TS03_29
TS03_30
TS04_01
TS04_02
TS04_03
TS04_04
TS04_05
TS04_06
TS04_07
TS04_08
TS04_09
TS04_10
TS04_11
TS04_12
TS04_13
TS04_14
TS04_15
TS04_16
TS04_17
TS04_18
TS04_19
TS04_20
TS04_21
TS04_22
TS04_23
TS04_24
TS04_25
TS04_26
TS04_27
TS04_28
TS04_29
TS04_30
TS05_01
TS05_02
TS05_03
TS05_04
TS05_12
TS05_17
TS05_18
TS05_19
TS05_20
TS05_21
TS05_22
TS05_24
TS05_25
TS05_26
TS05_27
TS05_28
TS05_29
TS05_30
TS06_01
TS06_02
TS06_03
TS06_04
TS06_05
TS06_06
TS06_10
TS06_15
TS06_16
TS06_17
TS06_18
TS06_19
TS06_22
TS07_01
TS07_02
TS07_03
TS07_04
TS07_05
TS07_06
TS07_07
TS07_08
TS07_09
TS07_10
TS07_11
TS07_12
TS07_15
TS07_16
TS07_17
TS07_18
TS07_19
TS07_20
TS07_21
TS07_22
TS07_23
TS07_24
TS07_25
TS07_28
TS07_29
TS07_30
TS08_01
TS08_02
TS08_03
TS08_04
TS08_05
TS08_06
TS08_07
TS08_08
TS08_09
TS08_10
TS08_11
TS08_12
TS08_13
TS08_14
TS08_15
TS08_16
TS08_17
TS08_18
TS08_19
TS08_20
TS08_21
TS08_22
TS08_23
TS08_24
TS08_25
TS08_26
TS08_27
TS08_28
TS08_29
TS08_30
TS09_01
TS09_02
TS09_03
TS09_04
TS09_05
TS09_06
TS09_07
TS09_08
TS09_09
TS09_10
TS09_11
TS09_12
TS09_13
TS09_14
TS09_15
TS09_16
TS09_17
TS09_18
TS09_19
TS09_20
TS09_21
TS09_22
TS09_23
TS09_24
TS09_25
TS09_26
TS09_28
TS09_29
TS09_30
TS10_01
TS10_02
TS10_03
TS10_04
TS10_05
TS10_06
TS10_07
TS10_08
TS10_09
TS10_10
TS10_11
TS10_12
TS10_13
TS10_14
TS10_15
TS10_16
TS10_17
TS10_18
TS10_19
TS10_20
TS10_21
TS10_22
TS10_23
TS10_24
TS10_25
TS10_26
TS10_27
TS10_28
TS10_29
TS10_30
TS11_01
TS11_02
TS11_03
TS11_04
TS11_05
TS11_06
TS11_07
TS11_08
TS11_09
TS11_10
TS11_11
TS11_12
TS11_13
TS11_14
TS11_15
TS11_16
TS11_17
TS11_18
TS11_19
TS11_20
TS11_21
TS11_22
TS11_23
TS11_24
TS11_25
TS11_26
TS11_27
TS11_28
TS11_29
TS11_30
TS12_01
TS12_02
TS12_03
TS12_04
TS12_05
TS12_06
TS12_07
TS12_08
TS12_09
TS12_10
TS12_11
TS12_12
TS12_13
TS12_14
TS12_15
TS12_16
TS12_17
TS12_18
TS12_19
TS12_20
TS12_21
TS12_22
TS12_23
TS12_24
TS12_25
TS12_26
TS12_27
TS13_01
TS13_02
TS13_03
TS13_04
TS13_05
TS13_06
TS13_07
TS13_08
TS13_09
TS13_10
TS13_11
TS13_12
TS13_13
TS13_14
TS13_15
TS13_16
TS13_17
TS13_18
TS13_19
TS13_20
TS13_21
TS13_22
TS13_23
TS13_24
TS13_25
TS13_26
TS13_27
TS13_28
TS13_29
TS13_30
TS14_01
TS14_02
TS14_03
TS14_04
TS14_05
TS14_06
TS14_07
TS14_08
TS14_09
TS14_10
TS14_11
TS14_12
TS14_13
TS14_14
TS14_15
TS14_16
TS14_17
TS14_18
TS14_19
TS14_20
TS14_21
TS14_22
TS14_23
TS14_24
TS14_25
TS14_26
TS14_27
TS14_28
TS14_29
TS14_30
TS15_01
TS15_02
TS15_03
TS15_04
TS15_05
TS15_06
TS15_07
TS15_08
TS15_09
TS15_10
TS15_11
TS15_12
TS15_13
TS15_14
TS15_15
TS15_16
TS15_17
TS15_18
TS15_19
TS15_20
TS15_21
TS15_22
TS15_23
TS15_24
TS15_25
TS15_26
TS15_27
TS15_28
TS15_29
TS15_30
TS16_01
TS16_02
TS16_03
TS16_04
TS16_05
TS16_06
TS16_07
TS16_08
TS16_11
TS16_26
TS16_27
TS16_28
TS17_01
TS17_02
TS17_03
TS17_04
TS17_05
TS17_06
TS17_07
TS17_08
TS17_09
TS17_10
TS17_11
TS17_12
TS17_13
TS17_14
TS17_15
TS17_16
TS17_17
TS17_18
TS17_19
TS17_20
TS17_21
TS17_22
TS17_23
TS17_24
TS17_25
TS17_26
TS17_30
TS18_01
TS18_02
TS18_03
TS18_04
TS18_05
TS18_06
TS18_07
TS18_08
TS18_09
TS18_10
TS18_11
TS18_12
TS18_13
TS18_14
TS18_15
TS18_16
TS18_17
TS18_18
TS18_19
TS18_20
TS18_21
TS18_22
TS18_23
TS18_24
TS18_25
TS18_28
TS18_29
TS18_30
TS19_01
TS19_02
TS19_03
TS19_04
TS19_05
TS19_06
TS19_07
TS19_08
TS19_09
TS19_13
TS19_14
TS19_15
TS19_16
TS19_17
TS19_18
TS19_19
TS19_20
TS19_21
TS19_22
TS19_23
TS19_24
TS19_27
TS19_28
TS20_01
TS20_02
TS20_03
TS20_04
TS20_05
TS20_06
TS20_07
TS20_08
TS20_09
TS20_10
TS20_11
TS20_12
TS20_13
TS20_14
TS20_15
TS20_16
TS20_17
TS20_18
TS20_19
TS20_20
TS20_21
TS20_22
TS20_23
TS20_24
TS20_25
TS20_26
TS21_01
TS21_02
TS21_03
TS21_04
TS21_05
TS21_06
TS21_07
TS21_08
TS21_09
TS21_10
TS21_11
TS21_12
TS21_13
TS21_14
TS21_15
TS21_16
TS21_17
TS21_18
TS21_19
TS21_20
TS21_21
TS21_22
TS21_23
TS21_24
TS21_25
TS21_26
TS21_27
TS21_28
TS21_29
TS21_30
TS22_01
TS22_02
TS22_03
TS22_04
TS22_05
TS22_06
TS22_07
TS22_08
TS22_09
TS22_10
TS22_11
TS22_12
TS22_13
TS22_14
TS22_15
TS22_16
TS22_17
TS22_18
TS22_19
TS22_20
TS22_21
TS22_22
TS22_23
TS22_24
TS22_25
TS22_26
TS22_27
TS22_28
TS22_29
TS22_30
TS23_01
TS23_02
TS23_03
TS23_04
TS23_05
TS23_06
TS23_07
TS23_08
TS23_09
TS23_10
TS23_11
TS23_12
TS23_13
TS23_14
TS23_15
TS23_16
TS23_17
TS23_18
TS23_19
TS23_20
TS23_21
TS23_22
TS23_23
TS23_24
TS23_25
TS23_26
TS23_27
TS23_28
TS23_29
TS23_30
TS24_01
TS24_02
TS24_03
TS24_04
TS24_05
TS24_06
TS24_07
TS24_08
TS24_10
TS24_13
TS24_14
TS24_15
TS24_16
TS24_17
TS24_18
TS24_25
TS24_26
TS24_27
TS24_28
TS24_29
TS24_30
TS25_01
TS25_02
TS25_03
TS25_04
TS25_05
TS25_06
TS25_07
TS25_08
TS25_17
TS25_18
TS25_19
TS25_20
TS25_21
TS25_22
TS25_23
TS25_25
TS25_26
TS25_27
TS25_28
TS25_29
TS25_30
TS26_01
TS26_02
TS26_03
TS26_04
TS26_05
TS26_06
TS26_07
TS26_08
TS26_09
TS26_10
TS26_11
TS26_12
TS26_13
TS26_14
TS26_15
TS26_16
TS26_17
TS26_18
TS26_19
TS26_20
TS26_21
TS26_22
TS26_23
TS26_24
TS26_25
TS26_26
TS26_27
TS26_28
TS26_29
TS26_30
TS27_01
TS27_02
TS27_03
TS27_04
TS27_05
TS27_06
TS27_07
TS27_08
TS27_09
TS27_10
TS27_11
TS27_12
TS27_13
TS27_20
TS27_26
TS27_29
TS27_30
TS28_01
TS28_02
TS28_03
TS28_04
TS28_05
TS28_06
TS28_07
TS28_08
TS28_09
TS28_10
TS28_11
TS28_12
TS28_13
TS28_14
TS28_15
TS28_16
TS28_17
TS28_24
TS28_25
TS28_26
TS28_27
TS28_28
TS28_29
TS28_30
TS29_01
TS29_02
TS29_03
TS29_04
TS29_05
TS29_08
TS29_09
TS29_10
TS29_11
TS29_12
TS29_13
TS29_14
TS29_15
TS29_16
TS29_17
TS29_18
TS29_19
TS29_20
TS29_21
TS29_22
TS29_23
TS29_24
TS29_25
TS29_26
TS29_27
TS29_28
TS29_29
TS29_30
TS30_01
TS30_02
TS30_03
TS30_04
TS30_05
TS30_06
TS30_07
TS30_08
TS30_15
TS30_16
TS30_17
TS30_18
TS30_19
TS30_21
TS30_22
TS30_23
TS30_24
TS30_25
TS30_26
TS30_27
TS30_28
TS30_29
TS30_30
TS31_01
TS31_02
TS31_03
TS31_04
TS31_05
TS31_06
TS31_07
TS31_08
TS31_09
TS31_10
TS31_11
TS31_12
TS31_13
TS31_14
TS31_15
TS31_16
TS31_17
TS31_18
TS31_19
TS31_20
TS31_21
TS31_22
TS31_23
TS31_24
TS31_25
TS31_26
TS31_30
TS32_01
TS32_02
TS32_03
TS32_04
TS32_05
TS32_06
TS32_07
TS32_08
TS32_09
TS32_10
TS32_19
TS32_20
TS32_28
TS32_29
TS32_30
TS33_01
TS33_02
TS33_03
TS33_07
TS33_08
TS33_09
TS33_10
TS33_11
TS33_12
TS33_13
TS33_14
TS33_15
TS33_16
TS33_17
TS33_18
TS33_19
TS33_20
TS33_21
TS33_22
TS33_23
TS33_24
TS33_25
TS33_26
TS33_27
TS33_28
TS33_29
TS33_30
TS34_01
TS34_02
TS34_03
TS34_04
TS34_05
TS34_06
TS34_07
TS34_08
TS34_09
TS34_10
TS34_11
TS34_12
TS34_21
TS34_22
TS34_23
TS34_24
TS34_25
TS34_26
TS34_27
TS34_28
TS34_29
TS34_30
TS35_01
TS35_02
TS35_03
TS35_04
TS35_05
TS35_06
TS35_07
TS35_08
TS35_09
TS35_10
TS35_11
TS35_12
TS35_13
TS35_14
TS35_15
TS35_16
TS35_17
TS35_18
TS35_19
TS35_20
TS35_21
TS35_22
TS35_23
TS35_24
TS35_25
TS35_26
TS35_27
TS35_28
TS35_29
TS36_01
TS36_02
TS36_03
TS36_04
TS36_05
TS36_06
TS36_07
TS36_08
TS36_09
TS36_10
TS36_11
TS36_12
TS36_13
TS36_14
TS36_15
TS36_16
TS36_17
TS36_18
TS36_19
TS36_20
TS36_21
TS36_22
TS36_23
TS36_24
TS36_25
TS36_26
TS36_27
TS36_28
TS36_29
TS36_30
TS37_01
TS37_02
TS37_03
TS37_04
TS37_05
TS37_06
TS37_07
TS37_08
TS37_09
TS37_10
TS37_11
TS37_12
TS37_13
TS37_14
TS37_15
TS37_16
TS37_17
TS37_18
TS37_19
TS37_20
TS37_21
TS37_22
TS37_23
TS37_24
TS37_25
TS37_26
TS37_27
TS37_28
TS37_29
TS37_30
TS38_01
TS38_02
TS38_03
TS38_04
TS38_05
TS38_11
TS38_12
TS38_13
TS38_14
TS38_15
TS38_16
TS38_17
TS38_18
TS38_19
TS38_20
TS38_21
TS38_24
TS38_25
TS38_26
TS38_27
TS38_28
TS38_29
TS38_30
TS39_03
TS39_04
TS39_05
TS39_06
TS39_07
TS39_16
TS39_17
TS39_18
TS39_19
TS39_20
TS39_21
TS39_22
TS39_23
TS39_24
TS39_25
TS40_01
TS40_02
TS40_03
TS40_04
TS40_05
TS40_06
TS40_09
TS40_10
TS40_11
TS40_13
TS40_14
TS40_15
TS40_16
TS40_17
TS40_19
TS40_25
TS40_26
TS40_27
TS40_28
TS40_29
TS40_30
TS41_01
TS41_02
TS41_03
TS41_04
TS41_05
TS41_06
TS41_07
TS41_11
TS41_12
TS41_13
TS41_14
TS41_16
TS41_17
TS41_18
TS41_19
TS41_20
TS41_22
TS41_23
TS41_24
TS41_25
TS42_01
TS42_02
TS42_03
TS42_04
TS42_05
TS42_06
TS42_07
TS42_08
TS42_09
TS42_10
TS42_11
TS42_12
TS42_13
TS42_14
TS42_15
TS42_16
TS42_17
TS42_18
TS42_19
TS42_20
TS42_21
TS42_22
TS42_23
TS42_24
TS42_25
TS42_26
TS42_27
TS42_28
TS43_01
TS43_02
TS43_03
TS43_04
TS43_05
TS43_06
TS43_07
TS43_08
TS43_11
TS43_12
TS43_13
TS43_14
TS43_15
TS43_16
TS43_17
TS43_18
TS43_19
TS43_20
TS43_21
TS43_22
TS43_23
TS43_24
TS43_25
TS43_26
TS43_27
TS43_28
TS43_29
TS43_30
TS44_01
TS44_02
TS44_03
TS44_04
TS44_05
TS44_06
TS44_07
TS44_08
TS44_09
TS44_10
TS44_11
TS44_12
TS44_13
TS44_14
TS44_15
TS44_16
TS44_17
TS44_18
TS44_19
TS44_20
TS44_21
TS44_22
TS44_23
TS44_24
TS44_25
TS44_26
TS44_27
TS44_28
TS44_29
TS44_30
TS45_01
TS45_02
TS45_03
TS45_04
TS45_05
TS45_06
TS45_10
TS45_11
TS45_12
TS45_13
TS45_14
TS45_15
TS45_16
TS45_17
TS45_18
TS45_19
TS45_20
TS45_21
TS45_22
TS45_23
TS45_24
TS45_25
TS45_26
TS45_27
TS45_28
TS45_29
TS45_30
TS46_01
TS46_02
TS46_03
TS46_04
TS46_05
TS46_06
TS46_07
TS46_08
TS46_09
TS46_10
TS46_11
TS46_12
TS46_13
TS46_14
TS46_15
TS46_16
TS46_17
TS46_18
TS46_19
TS46_20
TS46_21
TS46_22
TS46_23
TS46_24
TS46_25
TS46_26
TS46_27
TS46_28
TS47_01
TS47_02
TS47_03
TS47_04
TS47_05
TS47_06
TS47_07
TS47_08
TS47_09
TS47_10
TS47_11
TS47_12
TS47_13
TS47_14
TS47_15
TS47_16
TS47_17
TS47_18
TS47_19
TS47_20
TS47_21
TS47_22
TS47_23
TS47_24
TS47_25
TS47_26
TS48_01
TS48_02
TS48_03
TS48_04
TS48_05
TS48_06
TS48_07
TS48_08
TS48_09
TS48_10
TS48_11
TS48_12
TS48_13
TS48_14
TS48_15
TS48_16
TS48_17
TS48_18
TS48_19
TS48_20
TS48_21
TS48_22
TS48_23
TS48_24
TS48_25
TS48_26
TS48_27
TS48_28
TS49_01
TS49_02
TS49_03
TS49_04
TS49_05
TS49_06
TS49_07
TS49_08
TS49_09
TS49_10
TS49_11
TS49_12
TS49_13
TS49_14
TS49_15
TS49_16
TS49_17
TS49_18
TS49_19
TS49_20
TS49_21
TS49_22
TS49_23
TS49_24
TS49_25
TS49_26
TS49_27
TS49_28
TS49_29
TS49_30
TS50_01
TS50_02
TS50_03
TS50_04
TS50_05
TS50_06
TS50_07
TS50_08
TS50_09
TS50_10
TS50_11
TS50_12
TS50_13
TS50_14
TS50_15
TS50_16
TS50_17
TS50_18
TS50_19
TS50_20
TS50_21
TS50_22
TS50_23
TS50_24
TS50_25
TS50_26
TS50_27
TS50_28
TS50_29